0 verbose cli /opt/homebrew/Cellar/node/24.10.0/bin/node /opt/homebrew/bin/npm
1 info using npm@11.6.0
2 info using node@v24.10.0
3 silly config load:file:/opt/homebrew/lib/node_modules/npm/npmrc
4 silly config load:file:/Users/dheerajrangu/LMS-MALD/backend/.npmrc
5 silly config load:file:/Users/dheerajrangu/.npmrc
6 silly config load:file:/opt/homebrew/etc/npmrc
7 verbose title npm cache clean
8 verbose argv "cache" "clean" "--force"
9 verbose logfile logs-max:10 dir:/Users/dheerajrangu/LMS-MALD/backend/npm-cache/_logs/2025-12-10T05_46_08_057Z-
10 verbose logfile /Users/dheerajrangu/LMS-MALD/backend/npm-cache/_logs/2025-12-10T05_46_08_057Z-debug-0.log
11 warn using --force Recommended protections disabled.
12 silly logfile start cleaning logs, removing 1 files
13 silly logfile done cleaning log files
14 verbose cwd /Users/dheerajrangu/LMS-MALD/backend
15 verbose os Darwin 25.1.0
16 verbose node v24.10.0
17 verbose npm  v11.6.0
18 verbose exit 0
19 info ok
