0 verbose cli /usr/local/bin/node /usr/local/bin/npm
1 info using npm@10.9.2
2 info using node@v22.14.0
3 silly config load:file:/usr/local/lib/node_modules/npm/npmrc
4 silly config load:file:/Users/dheerajrangu/Documents/LMS-project/backend/.npmrc
5 silly config load:file:/Users/dheerajrangu/.npmrc
6 silly config load:file:/usr/local/etc/npmrc
7 verbose title npm install
8 verbose argv "install"
9 verbose logfile logs-max:10 dir:/Users/dheerajrangu/Documents/LMS-project/backend/npm-cache/_logs/2025-10-17T14_26_13_643Z-
10 verbose logfile /Users/dheerajrangu/Documents/LMS-project/backend/npm-cache/_logs/2025-10-17T14_26_13_643Z-debug-0.log
11 silly logfile done cleaning log files
12 silly packumentCache heap:2197815296 maxSize:549453824 maxEntrySize:274726912
13 silly idealTree buildDeps
14 silly fetch manifest twilio@^5.3.6
15 silly packumentCache full:https://registry.npmjs.org/twilio cache-miss
16 http fetch GET 200 https://registry.npmjs.org/twilio 529ms (cache miss)
17 silly packumentCache full:https://registry.npmjs.org/twilio set size:undefined disposed:false
18 silly placeDep ROOT twilio@5.10.3 OK for: istruzione-f-backend@1.0.0 want: ^5.3.6
19 silly fetch manifest axios@^1.12.0
20 silly packumentCache full:https://registry.npmjs.org/axios cache-miss
21 silly fetch manifest dayjs@^1.11.9
22 silly packumentCache full:https://registry.npmjs.org/dayjs cache-miss
23 silly fetch manifest https-proxy-agent@^5.0.0
24 silly packumentCache full:https://registry.npmjs.org/https-proxy-agent cache-miss
25 silly fetch manifest jsonwebtoken@^9.0.2
26 silly packumentCache full:https://registry.npmjs.org/jsonwebtoken cache-miss
27 silly fetch manifest scmp@^2.1.0
28 silly packumentCache full:https://registry.npmjs.org/scmp cache-miss
29 silly fetch manifest xmlbuilder@^13.0.2
30 silly packumentCache full:https://registry.npmjs.org/xmlbuilder cache-miss
31 http fetch GET 200 https://registry.npmjs.org/scmp 234ms (cache miss)
32 silly packumentCache full:https://registry.npmjs.org/scmp set size:undefined disposed:false
33 http fetch GET 200 https://registry.npmjs.org/axios 275ms (cache miss)
34 silly packumentCache full:https://registry.npmjs.org/axios set size:undefined disposed:false
35 http fetch GET 200 https://registry.npmjs.org/https-proxy-agent 292ms (cache miss)
36 silly packumentCache full:https://registry.npmjs.org/https-proxy-agent set size:undefined disposed:false
37 http fetch GET 200 https://registry.npmjs.org/jsonwebtoken 376ms (cache miss)
38 silly packumentCache full:https://registry.npmjs.org/jsonwebtoken set size:undefined disposed:false
39 http fetch GET 200 https://registry.npmjs.org/xmlbuilder 379ms (cache miss)
40 silly packumentCache full:https://registry.npmjs.org/xmlbuilder set size:undefined disposed:false
41 http fetch GET 200 https://registry.npmjs.org/dayjs 988ms (cache miss)
42 silly packumentCache full:https://registry.npmjs.org/dayjs set size:undefined disposed:false
43 silly placeDep ROOT axios@1.12.2 OK for: twilio@5.10.3 want: ^1.12.0
44 silly placeDep ROOT dayjs@1.11.18 OK for: twilio@5.10.3 want: ^1.11.9
45 silly placeDep ROOT https-proxy-agent@5.0.1 OK for: twilio@5.10.3 want: ^5.0.0
46 silly placeDep ROOT jsonwebtoken@9.0.2 OK for: twilio@5.10.3 want: ^9.0.2
47 silly placeDep ROOT scmp@2.1.0 OK for: twilio@5.10.3 want: ^2.1.0
48 silly placeDep ROOT xmlbuilder@13.0.2 OK for: twilio@5.10.3 want: ^13.0.2
49 silly fetch manifest form-data@^4.0.4
50 silly packumentCache full:https://registry.npmjs.org/form-data cache-miss
51 silly fetch manifest proxy-from-env@^1.1.0
52 silly packumentCache full:https://registry.npmjs.org/proxy-from-env cache-miss
53 silly fetch manifest follow-redirects@^1.15.6
54 silly packumentCache full:https://registry.npmjs.org/follow-redirects cache-miss
55 silly fetch manifest agent-base@6
56 silly packumentCache full:https://registry.npmjs.org/agent-base cache-miss
57 silly fetch manifest jws@^3.2.2
58 silly packumentCache full:https://registry.npmjs.org/jws cache-miss
59 silly fetch manifest semver@^7.5.4
60 silly packumentCache full:https://registry.npmjs.org/semver cache-miss
61 silly fetch manifest lodash.once@^4.0.0
62 silly packumentCache full:https://registry.npmjs.org/lodash.once cache-miss
63 http fetch GET 200 https://registry.npmjs.org/agent-base 137ms (cache miss)
64 silly packumentCache full:https://registry.npmjs.org/agent-base set size:undefined disposed:false
65 silly fetch manifest lodash.includes@^4.3.0
66 silly packumentCache full:https://registry.npmjs.org/lodash.includes cache-miss
67 http fetch GET 200 https://registry.npmjs.org/jws 141ms (cache miss)
68 silly packumentCache full:https://registry.npmjs.org/jws set size:undefined disposed:false
69 silly fetch manifest lodash.isnumber@^3.0.3
70 silly packumentCache full:https://registry.npmjs.org/lodash.isnumber cache-miss
71 http fetch GET 200 https://registry.npmjs.org/form-data 163ms (cache miss)
72 silly packumentCache full:https://registry.npmjs.org/form-data set size:undefined disposed:false
73 silly fetch manifest lodash.isstring@^4.0.1
74 silly packumentCache full:https://registry.npmjs.org/lodash.isstring cache-miss
75 http fetch GET 200 https://registry.npmjs.org/proxy-from-env 174ms (cache miss)
76 silly packumentCache full:https://registry.npmjs.org/proxy-from-env set size:undefined disposed:false
77 silly fetch manifest lodash.isboolean@^3.0.3
78 silly packumentCache full:https://registry.npmjs.org/lodash.isboolean cache-miss
79 http fetch GET 200 https://registry.npmjs.org/lodash.includes 75ms (cache miss)
80 silly packumentCache full:https://registry.npmjs.org/lodash.includes set size:undefined disposed:false
81 silly fetch manifest lodash.isinteger@^4.0.4
82 silly packumentCache full:https://registry.npmjs.org/lodash.isinteger cache-miss
83 http fetch GET 200 https://registry.npmjs.org/lodash.isnumber 75ms (cache miss)
84 silly packumentCache full:https://registry.npmjs.org/lodash.isnumber set size:undefined disposed:false
85 silly fetch manifest lodash.isplainobject@^4.0.6
86 silly packumentCache full:https://registry.npmjs.org/lodash.isplainobject cache-miss
87 http fetch GET 200 https://registry.npmjs.org/follow-redirects 223ms (cache miss)
88 silly packumentCache full:https://registry.npmjs.org/follow-redirects set size:undefined disposed:false
89 http fetch GET 200 https://registry.npmjs.org/lodash.once 247ms (cache miss)
90 silly packumentCache full:https://registry.npmjs.org/lodash.once set size:undefined disposed:false
91 http fetch GET 200 https://registry.npmjs.org/lodash.isstring 87ms (cache miss)
92 silly packumentCache full:https://registry.npmjs.org/lodash.isstring set size:undefined disposed:false
93 http fetch GET 200 https://registry.npmjs.org/lodash.isboolean 76ms (cache miss)
94 silly packumentCache full:https://registry.npmjs.org/lodash.isboolean set size:undefined disposed:false
95 http fetch GET 200 https://registry.npmjs.org/semver 256ms (cache miss)
96 silly packumentCache full:https://registry.npmjs.org/semver set size:undefined disposed:false
97 http fetch GET 200 https://registry.npmjs.org/lodash.isinteger 54ms (cache miss)
98 silly packumentCache full:https://registry.npmjs.org/lodash.isinteger set size:undefined disposed:false
99 http fetch GET 200 https://registry.npmjs.org/lodash.isplainobject 59ms (cache miss)
100 silly packumentCache full:https://registry.npmjs.org/lodash.isplainobject set size:undefined disposed:false
101 silly placeDep ROOT follow-redirects@1.15.11 OK for: axios@1.12.2 want: ^1.15.6
102 silly placeDep ROOT form-data@4.0.4 OK for: axios@1.12.2 want: ^4.0.4
103 silly placeDep ROOT proxy-from-env@1.1.0 OK for: axios@1.12.2 want: ^1.1.0
104 silly fetch manifest asynckit@^0.4.0
105 silly packumentCache full:https://registry.npmjs.org/asynckit cache-miss
106 silly fetch manifest mime-types@^2.1.12
107 silly packumentCache full:https://registry.npmjs.org/mime-types cache-miss
108 silly fetch manifest combined-stream@^1.0.8
109 silly packumentCache full:https://registry.npmjs.org/combined-stream cache-miss
110 silly fetch manifest es-set-tostringtag@^2.1.0
111 silly packumentCache full:https://registry.npmjs.org/es-set-tostringtag cache-miss
112 http fetch GET 200 https://registry.npmjs.org/asynckit 67ms (cache miss)
113 silly packumentCache full:https://registry.npmjs.org/asynckit set size:undefined disposed:false
114 http fetch GET 200 https://registry.npmjs.org/es-set-tostringtag 94ms (cache miss)
115 silly packumentCache full:https://registry.npmjs.org/es-set-tostringtag set size:undefined disposed:false
116 http fetch GET 200 https://registry.npmjs.org/combined-stream 95ms (cache miss)
117 silly packumentCache full:https://registry.npmjs.org/combined-stream set size:undefined disposed:false
118 http fetch GET 200 https://registry.npmjs.org/mime-types 114ms (cache miss)
119 silly packumentCache full:https://registry.npmjs.org/mime-types set size:undefined disposed:false
120 silly placeDep ROOT asynckit@0.4.0 OK for: form-data@4.0.4 want: ^0.4.0
121 silly placeDep ROOT combined-stream@1.0.8 OK for: form-data@4.0.4 want: ^1.0.8
122 silly placeDep ROOT es-set-tostringtag@2.1.0 OK for: form-data@4.0.4 want: ^2.1.0
123 silly placeDep node_modules/form-data mime-types@2.1.35 OK for: form-data@4.0.4 want: ^2.1.12
124 silly fetch manifest delayed-stream@~1.0.0
125 silly packumentCache full:https://registry.npmjs.org/delayed-stream cache-miss
126 silly fetch manifest has-tostringtag@^1.0.2
127 silly packumentCache full:https://registry.npmjs.org/has-tostringtag cache-miss
128 silly fetch manifest mime-db@1.52.0
129 silly packumentCache full:https://registry.npmjs.org/mime-db cache-miss
130 http fetch GET 200 https://registry.npmjs.org/has-tostringtag 55ms (cache miss)
131 silly packumentCache full:https://registry.npmjs.org/has-tostringtag set size:undefined disposed:false
132 http fetch GET 200 https://registry.npmjs.org/delayed-stream 81ms (cache miss)
133 silly packumentCache full:https://registry.npmjs.org/delayed-stream set size:undefined disposed:false
134 http fetch GET 200 https://registry.npmjs.org/mime-db 104ms (cache miss)
135 silly packumentCache full:https://registry.npmjs.org/mime-db set size:undefined disposed:false
136 silly placeDep ROOT delayed-stream@1.0.0 OK for: combined-stream@1.0.8 want: ~1.0.0
137 silly placeDep ROOT has-tostringtag@1.0.2 OK for: es-set-tostringtag@2.1.0 want: ^1.0.2
138 silly placeDep ROOT agent-base@6.0.2 OK for: https-proxy-agent@5.0.1 want: 6
139 silly placeDep ROOT jws@3.2.2 OK for: jsonwebtoken@9.0.2 want: ^3.2.2
140 silly placeDep ROOT lodash.includes@4.3.0 OK for: jsonwebtoken@9.0.2 want: ^4.3.0
141 silly placeDep ROOT lodash.isboolean@3.0.3 OK for: jsonwebtoken@9.0.2 want: ^3.0.3
142 silly placeDep ROOT lodash.isinteger@4.0.4 OK for: jsonwebtoken@9.0.2 want: ^4.0.4
143 silly placeDep ROOT lodash.isnumber@3.0.3 OK for: jsonwebtoken@9.0.2 want: ^3.0.3
144 silly placeDep ROOT lodash.isplainobject@4.0.6 OK for: jsonwebtoken@9.0.2 want: ^4.0.6
145 silly placeDep ROOT lodash.isstring@4.0.1 OK for: jsonwebtoken@9.0.2 want: ^4.0.1
146 silly placeDep ROOT lodash.once@4.1.1 OK for: jsonwebtoken@9.0.2 want: ^4.0.0
147 silly placeDep ROOT semver@7.7.3 OK for: jsonwebtoken@9.0.2 want: ^7.5.4
148 silly fetch manifest jwa@^1.4.1
149 silly packumentCache full:https://registry.npmjs.org/jwa cache-miss
150 http fetch GET 200 https://registry.npmjs.org/jwa 64ms (cache miss)
151 silly packumentCache full:https://registry.npmjs.org/jwa set size:undefined disposed:false
152 silly placeDep ROOT jwa@1.4.2 OK for: jws@3.2.2 want: ^1.4.1
153 silly fetch manifest ecdsa-sig-formatter@1.0.11
154 silly packumentCache full:https://registry.npmjs.org/ecdsa-sig-formatter cache-miss
155 silly fetch manifest buffer-equal-constant-time@^1.0.1
156 silly packumentCache full:https://registry.npmjs.org/buffer-equal-constant-time cache-miss
157 http fetch GET 200 https://registry.npmjs.org/buffer-equal-constant-time 59ms (cache miss)
158 silly packumentCache full:https://registry.npmjs.org/buffer-equal-constant-time set size:undefined disposed:false
159 http fetch GET 200 https://registry.npmjs.org/ecdsa-sig-formatter 82ms (cache miss)
160 silly packumentCache full:https://registry.npmjs.org/ecdsa-sig-formatter set size:undefined disposed:false
161 silly placeDep ROOT buffer-equal-constant-time@1.0.1 OK for: jwa@1.4.2 want: ^1.0.1
162 silly placeDep ROOT ecdsa-sig-formatter@1.0.11 OK for: jwa@1.4.2 want: 1.0.11
163 silly placeDep node_modules/form-data mime-db@1.52.0 OK for: mime-types@2.1.35 want: 1.52.0
164 silly reify moves {}
165 silly audit bulk request {
165 silly audit   '@mongodb-js/saslprep': [ '1.3.1' ],
165 silly audit   '@types/webidl-conversions': [ '7.0.3' ],
165 silly audit   '@types/whatwg-url': [ '11.0.5' ],
165 silly audit   accepts: [ '2.0.0' ],
165 silly audit   'aws-ssl-profiles': [ '1.1.2' ],
165 silly audit   bcryptjs: [ '3.0.2' ],
165 silly audit   'body-parser': [ '2.2.0' ],
165 silly audit   bson: [ '6.10.4' ],
165 silly audit   bytes: [ '3.1.2' ],
165 silly audit   'call-bind-apply-helpers': [ '1.0.2' ],
165 silly audit   'call-bound': [ '1.0.4' ],
165 silly audit   'content-disposition': [ '1.0.0' ],
165 silly audit   'content-type': [ '1.0.5' ],
165 silly audit   cookie: [ '0.7.2' ],
165 silly audit   'cookie-signature': [ '1.2.2' ],
165 silly audit   cors: [ '2.8.5' ],
165 silly audit   debug: [ '4.4.3' ],
165 silly audit   denque: [ '2.1.0' ],
165 silly audit   depd: [ '2.0.0' ],
165 silly audit   dotenv: [ '16.6.1' ],
165 silly audit   'dunder-proto': [ '1.0.1' ],
165 silly audit   'ee-first': [ '1.1.1' ],
165 silly audit   encodeurl: [ '2.0.0' ],
165 silly audit   'es-define-property': [ '1.0.1' ],
165 silly audit   'es-errors': [ '1.3.0' ],
165 silly audit   'es-object-atoms': [ '1.1.1' ],
165 silly audit   'escape-html': [ '1.0.3' ],
165 silly audit   etag: [ '1.8.1' ],
165 silly audit   express: [ '5.1.0' ],
165 silly audit   finalhandler: [ '2.1.0' ],
165 silly audit   forwarded: [ '0.2.0' ],
165 silly audit   fresh: [ '2.0.0' ],
165 silly audit   'function-bind': [ '1.1.2' ],
165 silly audit   'generate-function': [ '2.3.1' ],
165 silly audit   'get-intrinsic': [ '1.3.0' ],
165 silly audit   'get-proto': [ '1.0.1' ],
165 silly audit   gopd: [ '1.2.0' ],
165 silly audit   'has-symbols': [ '1.1.0' ],
165 silly audit   hasown: [ '2.0.2' ],
165 silly audit   'http-errors': [ '2.0.0' ],
165 silly audit   statuses: [ '2.0.1', '2.0.2' ],
165 silly audit   'iconv-lite': [ '0.6.3', '0.7.0' ],
165 silly audit   inherits: [ '2.0.4' ],
165 silly audit   'ipaddr.js': [ '1.9.1' ],
165 silly audit   'is-promise': [ '4.0.0' ],
165 silly audit   'is-property': [ '1.0.2' ],
165 silly audit   kareem: [ '2.6.3' ],
165 silly audit   long: [ '5.3.2' ],
165 silly audit   'lru-cache': [ '7.18.3' ],
165 silly audit   'lru.min': [ '1.1.2' ],
165 silly audit   'math-intrinsics': [ '1.1.0' ],
165 silly audit   'media-typer': [ '1.1.0' ],
165 silly audit   'memory-pager': [ '1.5.0' ],
165 silly audit   'merge-descriptors': [ '2.0.0' ],
165 silly audit   'mime-db': [ '1.54.0', '1.52.0' ],
165 silly audit   'mime-types': [ '3.0.1', '2.1.35' ],
165 silly audit   mongodb: [ '6.20.0' ],
165 silly audit   'mongodb-connection-string-url': [ '3.0.2' ],
165 silly audit   mongoose: [ '8.19.1' ],
165 silly audit   mpath: [ '0.9.0' ],
165 silly audit   mquery: [ '5.0.0' ],
165 silly audit   ms: [ '2.1.3' ],
165 silly audit   mysql2: [ '3.15.2' ],
165 silly audit   'named-placeholders': [ '1.1.3' ],
165 silly audit   negotiator: [ '1.0.0' ],
165 silly audit   nodemailer: [ '6.10.1' ],
165 silly audit   'object-assign': [ '4.1.1' ],
165 silly audit   'object-inspect': [ '1.13.4' ],
165 silly audit   'on-finished': [ '2.4.1' ],
165 silly audit   once: [ '1.4.0' ],
165 silly audit   parseurl: [ '1.3.3' ],
165 silly audit   'path-to-regexp': [ '8.3.0' ],
165 silly audit   'proxy-addr': [ '2.0.7' ],
165 silly audit   punycode: [ '2.3.1' ],
165 silly audit   qs: [ '6.14.0' ],
165 silly audit   'range-parser': [ '1.2.1' ],
165 silly audit   'raw-body': [ '3.0.1' ],
165 silly audit   router: [ '2.2.0' ],
165 silly audit   'safe-buffer': [ '5.2.1' ],
165 silly audit   'safer-buffer': [ '2.1.2' ],
165 silly audit   send: [ '1.2.0' ],
165 silly audit   'seq-queue': [ '0.0.5' ],
165 silly audit   'serve-static': [ '2.2.0' ],
165 silly audit   setprototypeof: [ '1.2.0' ],
165 silly audit   'side-channel': [ '1.1.0' ],
165 silly audit   'side-channel-list': [ '1.0.0' ],
165 silly audit   'side-channel-map': [ '1.0.1' ],
165 silly audit   'side-channel-weakmap': [ '1.0.2' ],
165 silly audit   sift: [ '17.1.3' ],
165 silly audit   'sparse-bitfield': [ '3.0.3' ],
165 silly audit   sqlstring: [ '2.3.3' ],
165 silly audit   toidentifier: [ '1.0.1' ],
165 silly audit   tr46: [ '5.1.1' ],
165 silly audit   'type-is': [ '2.0.1' ],
165 silly audit   unpipe: [ '1.0.0' ],
165 silly audit   vary: [ '1.1.2' ],
165 silly audit   'webidl-conversions': [ '7.0.0' ],
165 silly audit   'whatwg-url': [ '14.2.0' ],
165 silly audit   wrappy: [ '1.0.2' ],
165 silly audit   twilio: [ '5.10.3' ],
165 silly audit   axios: [ '1.12.2' ],
165 silly audit   dayjs: [ '1.11.18' ],
165 silly audit   'https-proxy-agent': [ '5.0.1' ],
165 silly audit   jsonwebtoken: [ '9.0.2' ],
165 silly audit   scmp: [ '2.1.0' ],
165 silly audit   xmlbuilder: [ '13.0.2' ],
165 silly audit   'follow-redirects': [ '1.15.11' ],
165 silly audit   'form-data': [ '4.0.4' ],
165 silly audit   'proxy-from-env': [ '1.1.0' ],
165 silly audit   asynckit: [ '0.4.0' ],
165 silly audit   'combined-stream': [ '1.0.8' ],
165 silly audit   'es-set-tostringtag': [ '2.1.0' ],
165 silly audit   'delayed-stream': [ '1.0.0' ],
165 silly audit   'has-tostringtag': [ '1.0.2' ],
165 silly audit   'agent-base': [ '6.0.2' ],
165 silly audit   jws: [ '3.2.2' ],
165 silly audit   'lodash.includes': [ '4.3.0' ],
165 silly audit   'lodash.isboolean': [ '3.0.3' ],
165 silly audit   'lodash.isinteger': [ '4.0.4' ],
165 silly audit   'lodash.isnumber': [ '3.0.3' ],
165 silly audit   'lodash.isplainobject': [ '4.0.6' ],
165 silly audit   'lodash.isstring': [ '4.0.1' ],
165 silly audit   'lodash.once': [ '4.1.1' ],
165 silly audit   semver: [ '7.7.3' ],
165 silly audit   jwa: [ '1.4.2' ],
165 silly audit   'buffer-equal-constant-time': [ '1.0.1' ],
165 silly audit   'ecdsa-sig-formatter': [ '1.0.11' ]
165 silly audit }
166 http cache ecdsa-sig-formatter@https://registry.npmjs.org/ecdsa-sig-formatter/-/ecdsa-sig-formatter-1.0.11.tgz 0ms (cache hit)
167 http cache jwa@https://registry.npmjs.org/jwa/-/jwa-1.4.2.tgz 0ms (cache hit)
168 http cache semver@https://registry.npmjs.org/semver/-/semver-7.7.3.tgz 0ms (cache hit)
169 http cache buffer-equal-constant-time@https://registry.npmjs.org/buffer-equal-constant-time/-/buffer-equal-constant-time-1.0.1.tgz 0ms (cache hit)
170 http cache lodash.isplainobject@https://registry.npmjs.org/lodash.isplainobject/-/lodash.isplainobject-4.0.6.tgz 0ms (cache hit)
171 http cache lodash.once@https://registry.npmjs.org/lodash.once/-/lodash.once-4.1.1.tgz 0ms (cache hit)
172 http cache lodash.isinteger@https://registry.npmjs.org/lodash.isinteger/-/lodash.isinteger-4.0.4.tgz 0ms (cache hit)
173 http cache lodash.isnumber@https://registry.npmjs.org/lodash.isnumber/-/lodash.isnumber-3.0.3.tgz 0ms (cache hit)
174 http cache lodash.isboolean@https://registry.npmjs.org/lodash.isboolean/-/lodash.isboolean-3.0.3.tgz 0ms (cache hit)
175 http cache lodash.includes@https://registry.npmjs.org/lodash.includes/-/lodash.includes-4.3.0.tgz 0ms (cache hit)
176 http cache jws@https://registry.npmjs.org/jws/-/jws-3.2.2.tgz 0ms (cache hit)
177 http cache agent-base@https://registry.npmjs.org/agent-base/-/agent-base-6.0.2.tgz 0ms (cache hit)
178 http cache has-tostringtag@https://registry.npmjs.org/has-tostringtag/-/has-tostringtag-1.0.2.tgz 0ms (cache hit)
179 http cache lodash.isstring@https://registry.npmjs.org/lodash.isstring/-/lodash.isstring-4.0.1.tgz 0ms (cache hit)
180 http cache delayed-stream@https://registry.npmjs.org/delayed-stream/-/delayed-stream-1.0.0.tgz 0ms (cache hit)
181 http cache es-set-tostringtag@https://registry.npmjs.org/es-set-tostringtag/-/es-set-tostringtag-2.1.0.tgz 0ms (cache hit)
182 http cache combined-stream@https://registry.npmjs.org/combined-stream/-/combined-stream-1.0.8.tgz 0ms (cache hit)
183 http cache asynckit@https://registry.npmjs.org/asynckit/-/asynckit-0.4.0.tgz 0ms (cache hit)
184 http cache proxy-from-env@https://registry.npmjs.org/proxy-from-env/-/proxy-from-env-1.1.0.tgz 0ms (cache hit)
185 http cache follow-redirects@https://registry.npmjs.org/follow-redirects/-/follow-redirects-1.15.11.tgz 0ms (cache hit)
186 http cache scmp@https://registry.npmjs.org/scmp/-/scmp-2.1.0.tgz 0ms (cache hit)
187 http cache form-data@https://registry.npmjs.org/form-data/-/form-data-4.0.4.tgz 0ms (cache hit)
188 http cache xmlbuilder@https://registry.npmjs.org/xmlbuilder/-/xmlbuilder-13.0.2.tgz 0ms (cache hit)
189 http cache jsonwebtoken@https://registry.npmjs.org/jsonwebtoken/-/jsonwebtoken-9.0.2.tgz 0ms (cache hit)
190 http cache https-proxy-agent@https://registry.npmjs.org/https-proxy-agent/-/https-proxy-agent-5.0.1.tgz 0ms (cache hit)
191 http cache axios@https://registry.npmjs.org/axios/-/axios-1.12.2.tgz 0ms (cache hit)
192 http cache dayjs@https://registry.npmjs.org/dayjs/-/dayjs-1.11.18.tgz 0ms (cache hit)
193 http cache twilio@https://registry.npmjs.org/twilio/-/twilio-5.10.3.tgz 0ms (cache hit)
194 http cache mime-types@https://registry.npmjs.org/mime-types/-/mime-types-2.1.35.tgz 0ms (cache hit)
195 silly tarball no local data for ecdsa-sig-formatter@https://registry.npmjs.org/ecdsa-sig-formatter/-/ecdsa-sig-formatter-1.0.11.tgz. Extracting by manifest.
196 silly tarball no local data for jwa@https://registry.npmjs.org/jwa/-/jwa-1.4.2.tgz. Extracting by manifest.
197 http cache mime-db@https://registry.npmjs.org/mime-db/-/mime-db-1.52.0.tgz 0ms (cache hit)
198 silly tarball no local data for semver@https://registry.npmjs.org/semver/-/semver-7.7.3.tgz. Extracting by manifest.
199 silly tarball no local data for buffer-equal-constant-time@https://registry.npmjs.org/buffer-equal-constant-time/-/buffer-equal-constant-time-1.0.1.tgz. Extracting by manifest.
200 silly tarball no local data for lodash.isplainobject@https://registry.npmjs.org/lodash.isplainobject/-/lodash.isplainobject-4.0.6.tgz. Extracting by manifest.
201 silly tarball no local data for lodash.once@https://registry.npmjs.org/lodash.once/-/lodash.once-4.1.1.tgz. Extracting by manifest.
202 silly tarball no local data for lodash.isinteger@https://registry.npmjs.org/lodash.isinteger/-/lodash.isinteger-4.0.4.tgz. Extracting by manifest.
203 silly tarball no local data for lodash.isnumber@https://registry.npmjs.org/lodash.isnumber/-/lodash.isnumber-3.0.3.tgz. Extracting by manifest.
204 silly tarball no local data for lodash.isboolean@https://registry.npmjs.org/lodash.isboolean/-/lodash.isboolean-3.0.3.tgz. Extracting by manifest.
205 silly tarball no local data for lodash.includes@https://registry.npmjs.org/lodash.includes/-/lodash.includes-4.3.0.tgz. Extracting by manifest.
206 silly tarball no local data for jws@https://registry.npmjs.org/jws/-/jws-3.2.2.tgz. Extracting by manifest.
207 silly tarball no local data for agent-base@https://registry.npmjs.org/agent-base/-/agent-base-6.0.2.tgz. Extracting by manifest.
208 silly tarball no local data for has-tostringtag@https://registry.npmjs.org/has-tostringtag/-/has-tostringtag-1.0.2.tgz. Extracting by manifest.
209 silly tarball no local data for lodash.isstring@https://registry.npmjs.org/lodash.isstring/-/lodash.isstring-4.0.1.tgz. Extracting by manifest.
210 silly tarball no local data for delayed-stream@https://registry.npmjs.org/delayed-stream/-/delayed-stream-1.0.0.tgz. Extracting by manifest.
211 silly tarball no local data for es-set-tostringtag@https://registry.npmjs.org/es-set-tostringtag/-/es-set-tostringtag-2.1.0.tgz. Extracting by manifest.
212 silly tarball no local data for combined-stream@https://registry.npmjs.org/combined-stream/-/combined-stream-1.0.8.tgz. Extracting by manifest.
213 silly tarball no local data for asynckit@https://registry.npmjs.org/asynckit/-/asynckit-0.4.0.tgz. Extracting by manifest.
214 silly tarball no local data for proxy-from-env@https://registry.npmjs.org/proxy-from-env/-/proxy-from-env-1.1.0.tgz. Extracting by manifest.
215 silly tarball no local data for follow-redirects@https://registry.npmjs.org/follow-redirects/-/follow-redirects-1.15.11.tgz. Extracting by manifest.
216 silly tarball no local data for scmp@https://registry.npmjs.org/scmp/-/scmp-2.1.0.tgz. Extracting by manifest.
217 silly tarball no local data for form-data@https://registry.npmjs.org/form-data/-/form-data-4.0.4.tgz. Extracting by manifest.
218 silly tarball no local data for xmlbuilder@https://registry.npmjs.org/xmlbuilder/-/xmlbuilder-13.0.2.tgz. Extracting by manifest.
219 silly tarball no local data for jsonwebtoken@https://registry.npmjs.org/jsonwebtoken/-/jsonwebtoken-9.0.2.tgz. Extracting by manifest.
220 silly tarball no local data for https-proxy-agent@https://registry.npmjs.org/https-proxy-agent/-/https-proxy-agent-5.0.1.tgz. Extracting by manifest.
221 silly tarball no local data for axios@https://registry.npmjs.org/axios/-/axios-1.12.2.tgz. Extracting by manifest.
222 silly tarball no local data for dayjs@https://registry.npmjs.org/dayjs/-/dayjs-1.11.18.tgz. Extracting by manifest.
223 silly tarball no local data for twilio@https://registry.npmjs.org/twilio/-/twilio-5.10.3.tgz. Extracting by manifest.
224 silly tarball no local data for mime-types@https://registry.npmjs.org/mime-types/-/mime-types-2.1.35.tgz. Extracting by manifest.
225 silly tarball no local data for mime-db@https://registry.npmjs.org/mime-db/-/mime-db-1.52.0.tgz. Extracting by manifest.
226 http fetch GET 200 https://registry.npmjs.org/ecdsa-sig-formatter/-/ecdsa-sig-formatter-1.0.11.tgz 67ms (cache miss)
227 http fetch GET 200 https://registry.npmjs.org/buffer-equal-constant-time/-/buffer-equal-constant-time-1.0.1.tgz 84ms (cache miss)
228 http fetch GET 200 https://registry.npmjs.org/lodash.isplainobject/-/lodash.isplainobject-4.0.6.tgz 91ms (cache miss)
229 http fetch GET 200 https://registry.npmjs.org/lodash.once/-/lodash.once-4.1.1.tgz 101ms (cache miss)
230 http fetch GET 200 https://registry.npmjs.org/jwa/-/jwa-1.4.2.tgz 103ms (cache miss)
231 http fetch GET 200 https://registry.npmjs.org/has-tostringtag/-/has-tostringtag-1.0.2.tgz 138ms (cache miss)
232 http fetch GET 200 https://registry.npmjs.org/combined-stream/-/combined-stream-1.0.8.tgz 160ms (cache miss)
233 http fetch GET 200 https://registry.npmjs.org/es-set-tostringtag/-/es-set-tostringtag-2.1.0.tgz 169ms (cache miss)
234 http fetch GET 200 https://registry.npmjs.org/semver/-/semver-7.7.3.tgz 174ms (cache miss)
235 http fetch GET 200 https://registry.npmjs.org/lodash.isnumber/-/lodash.isnumber-3.0.3.tgz 198ms (cache miss)
236 http fetch GET 200 https://registry.npmjs.org/proxy-from-env/-/proxy-from-env-1.1.0.tgz 194ms (cache miss)
237 http fetch GET 200 https://registry.npmjs.org/follow-redirects/-/follow-redirects-1.15.11.tgz 198ms (cache miss)
238 http fetch GET 200 https://registry.npmjs.org/lodash.isstring/-/lodash.isstring-4.0.1.tgz 206ms (cache miss)
239 http fetch GET 200 https://registry.npmjs.org/scmp/-/scmp-2.1.0.tgz 209ms (cache miss)
240 http fetch GET 200 https://registry.npmjs.org/lodash.isboolean/-/lodash.isboolean-3.0.3.tgz 217ms (cache miss)
241 http fetch GET 200 https://registry.npmjs.org/asynckit/-/asynckit-0.4.0.tgz 224ms (cache miss)
242 http fetch GET 200 https://registry.npmjs.org/delayed-stream/-/delayed-stream-1.0.0.tgz 236ms (cache miss)
243 http fetch GET 200 https://registry.npmjs.org/lodash.isinteger/-/lodash.isinteger-4.0.4.tgz 244ms (cache miss)
244 http fetch GET 200 https://registry.npmjs.org/lodash.includes/-/lodash.includes-4.3.0.tgz 253ms (cache miss)
245 http fetch GET 200 https://registry.npmjs.org/agent-base/-/agent-base-6.0.2.tgz 278ms (cache miss)
246 http fetch POST 200 https://registry.npmjs.org/-/npm/v1/security/advisories/bulk 336ms
247 silly audit report {
247 silly audit report   nodemailer: [
247 silly audit report     {
247 silly audit report       id: 1108571,
247 silly audit report       url: 'https://github.com/advisories/GHSA-mm7p-fcc7-pg87',
247 silly audit report       title: 'Nodemailer: Email to an unintended domain can occur due to Interpretation Conflict',
247 silly audit report       severity: 'moderate',
247 silly audit report       vulnerable_versions: '<7.0.7',
247 silly audit report       cwe: [Array],
247 silly audit report       cvss: [Object]
247 silly audit report     }
247 silly audit report   ]
247 silly audit report }
248 silly packumentCache corgi:https://registry.npmjs.org/nodemailer cache-miss
249 http fetch GET 200 https://registry.npmjs.org/https-proxy-agent/-/https-proxy-agent-5.0.1.tgz 325ms (cache miss)
250 http fetch GET 200 https://registry.npmjs.org/mime-types/-/mime-types-2.1.35.tgz 328ms (cache miss)
251 http fetch GET 200 https://registry.npmjs.org/jsonwebtoken/-/jsonwebtoken-9.0.2.tgz 365ms (cache miss)
252 http fetch GET 200 https://registry.npmjs.org/nodemailer 95ms (cache revalidated)
253 silly packumentCache corgi:https://registry.npmjs.org/nodemailer set size:299512 disposed:false
254 http fetch GET 200 https://registry.npmjs.org/form-data/-/form-data-4.0.4.tgz 423ms (cache miss)
255 http fetch GET 200 https://registry.npmjs.org/mime-db/-/mime-db-1.52.0.tgz 508ms (cache miss)
256 http fetch GET 200 https://registry.npmjs.org/jws/-/jws-3.2.2.tgz 657ms (cache miss)
257 http fetch GET 200 https://registry.npmjs.org/dayjs/-/dayjs-1.11.18.tgz 1094ms (cache miss)
258 http fetch GET 200 https://registry.npmjs.org/xmlbuilder/-/xmlbuilder-13.0.2.tgz 1135ms (cache miss)
259 http fetch GET 200 https://registry.npmjs.org/axios/-/axios-1.12.2.tgz 1935ms (cache miss)
260 http fetch GET 200 https://registry.npmjs.org/twilio/-/twilio-5.10.3.tgz 2242ms (cache miss)
261 silly ADD node_modules/ecdsa-sig-formatter
262 silly ADD node_modules/buffer-equal-constant-time
263 silly ADD node_modules/jwa
264 silly ADD node_modules/semver
265 silly ADD node_modules/lodash.once
266 silly ADD node_modules/lodash.isstring
267 silly ADD node_modules/lodash.isplainobject
268 silly ADD node_modules/lodash.isnumber
269 silly ADD node_modules/lodash.isinteger
270 silly ADD node_modules/lodash.isboolean
271 silly ADD node_modules/lodash.includes
272 silly ADD node_modules/jws
273 silly ADD node_modules/agent-base
274 silly ADD node_modules/has-tostringtag
275 silly ADD node_modules/delayed-stream
276 silly ADD node_modules/es-set-tostringtag
277 silly ADD node_modules/combined-stream
278 silly ADD node_modules/asynckit
279 silly ADD node_modules/proxy-from-env
280 silly ADD node_modules/form-data
281 silly ADD node_modules/form-data/node_modules/mime-db
282 silly ADD node_modules/form-data/node_modules/mime-types
283 silly ADD node_modules/follow-redirects
284 silly ADD node_modules/xmlbuilder
285 silly ADD node_modules/scmp
286 silly ADD node_modules/jsonwebtoken
287 silly ADD node_modules/https-proxy-agent
288 silly ADD node_modules/dayjs
289 silly ADD node_modules/axios
290 silly ADD node_modules/twilio
291 verbose cwd /Users/dheerajrangu/Documents/LMS-project/backend
292 verbose os Darwin 25.0.0
293 verbose node v22.14.0
294 verbose npm  v10.9.2
295 verbose exit 0
296 info ok
