0 verbose cli /usr/local/bin/node /usr/local/bin/npm
1 info using npm@10.9.2
2 info using node@v22.14.0
3 silly config load:file:/usr/local/lib/node_modules/npm/npmrc
4 silly config load:file:/Users/dheerajrangu/Documents/LMS-project/backend/.npmrc
5 silly config load:file:/Users/dheerajrangu/.npmrc
6 silly config load:file:/usr/local/etc/npmrc
7 verbose title npm install express mongoose body-parser cors bcryptjs dotenv nodemailer twilio express-session passport passport-google-oauth20 passport-microsoft multer
8 verbose argv "install" "express" "mongoose" "body-parser" "cors" "bcryptjs" "dotenv" "nodemailer" "twilio" "express-session" "passport" "passport-google-oauth20" "passport-microsoft" "multer"
9 verbose logfile logs-max:10 dir:/Users/dheerajrangu/Documents/LMS-project/backend/npm-cache/_logs/2025-10-17T16_36_45_637Z-
10 verbose logfile /Users/dheerajrangu/Documents/LMS-project/backend/npm-cache/_logs/2025-10-17T16_36_45_637Z-debug-0.log
11 silly logfile done cleaning log files
12 silly packumentCache heap:2197815296 maxSize:549453824 maxEntrySize:274726912
13 silly idealTree buildDeps
14 silly fetch manifest bcryptjs@^3.0.2
15 silly packumentCache full:https://registry.npmjs.org/bcryptjs cache-miss
16 http fetch GET 200 https://registry.npmjs.org/bcryptjs 242ms (cache miss)
17 silly packumentCache full:https://registry.npmjs.org/bcryptjs set size:undefined disposed:false
18 silly fetch manifest body-parser@^2.2.0
19 silly packumentCache full:https://registry.npmjs.org/body-parser cache-miss
20 http fetch GET 200 https://registry.npmjs.org/body-parser 98ms (cache miss)
21 silly packumentCache full:https://registry.npmjs.org/body-parser set size:undefined disposed:false
22 silly fetch manifest cors@^2.8.5
23 silly packumentCache full:https://registry.npmjs.org/cors cache-miss
24 http fetch GET 200 https://registry.npmjs.org/cors 79ms (cache miss)
25 silly packumentCache full:https://registry.npmjs.org/cors set size:undefined disposed:false
26 silly fetch manifest express@^5.1.0
27 silly packumentCache full:https://registry.npmjs.org/express cache-miss
28 http fetch GET 200 https://registry.npmjs.org/express 184ms (cache miss)
29 silly packumentCache full:https://registry.npmjs.org/express set size:undefined disposed:false
30 silly fetch manifest mongoose@^8.19.1
31 silly packumentCache full:https://registry.npmjs.org/mongoose cache-miss
32 http fetch GET 200 https://registry.npmjs.org/mongoose 625ms (cache miss)
33 silly packumentCache full:https://registry.npmjs.org/mongoose set size:undefined disposed:false
34 silly fetch manifest dotenv@^16.4.5
35 silly packumentCache full:https://registry.npmjs.org/dotenv cache-miss
36 http fetch GET 200 https://registry.npmjs.org/dotenv 134ms (cache miss)
37 silly packumentCache full:https://registry.npmjs.org/dotenv set size:undefined disposed:false
38 silly fetch manifest nodemailer@^6.9.16
39 silly packumentCache full:https://registry.npmjs.org/nodemailer cache-miss
40 http fetch GET 200 https://registry.npmjs.org/nodemailer 170ms (cache miss)
41 silly packumentCache full:https://registry.npmjs.org/nodemailer set size:undefined disposed:false
42 silly fetch manifest twilio@^5.3.6
43 silly packumentCache full:https://registry.npmjs.org/twilio cache-miss
44 http fetch GET 200 https://registry.npmjs.org/twilio 66ms (cache revalidated)
45 silly packumentCache full:https://registry.npmjs.org/twilio set size:950980 disposed:false
46 silly fetch manifest passport@^0.7.0
47 silly packumentCache full:https://registry.npmjs.org/passport cache-miss
48 http fetch GET 200 https://registry.npmjs.org/passport 70ms (cache revalidated)
49 silly packumentCache full:https://registry.npmjs.org/passport set size:75534 disposed:false
50 silly fetch manifest passport-google-oauth20@^2.0.0
51 silly packumentCache full:https://registry.npmjs.org/passport-google-oauth20 cache-miss
52 http fetch GET 200 https://registry.npmjs.org/passport-google-oauth20 875ms (cache revalidated)
53 silly packumentCache full:https://registry.npmjs.org/passport-google-oauth20 set size:10191 disposed:false
54 silly fetch manifest passport-microsoft@^1.0.0
55 silly packumentCache full:https://registry.npmjs.org/passport-microsoft cache-miss
56 http fetch GET 200 https://registry.npmjs.org/passport-microsoft 817ms (cache revalidated)
57 silly packumentCache full:https://registry.npmjs.org/passport-microsoft set size:24834 disposed:false
58 silly fetch manifest express-session@^1.17.3
59 silly packumentCache full:https://registry.npmjs.org/express-session cache-miss
60 http fetch GET 200 https://registry.npmjs.org/express-session 67ms (cache revalidated)
61 silly packumentCache full:https://registry.npmjs.org/express-session set size:194964 disposed:false
62 silly fetch manifest multer@^1.4.5-lts.1
63 silly packumentCache full:https://registry.npmjs.org/multer cache-miss
64 http fetch GET 200 https://registry.npmjs.org/multer 95ms (cache miss)
65 silly packumentCache full:https://registry.npmjs.org/multer set size:undefined disposed:false
66 silly placeDep ROOT bcryptjs@3.0.2 REPLACE for: istruzione-f-backend@1.0.0 want: ^3.0.2
67 silly placeDep ROOT body-parser@2.2.0 REPLACE for: istruzione-f-backend@1.0.0 want: ^2.2.0
68 silly placeDep ROOT cors@2.8.5 REPLACE for: istruzione-f-backend@1.0.0 want: ^2.8.5
69 silly placeDep ROOT dotenv@16.6.1 REPLACE for: istruzione-f-backend@1.0.0 want: ^16.4.5
70 silly placeDep ROOT express@5.1.0 REPLACE for: istruzione-f-backend@1.0.0 want: ^5.1.0
71 silly placeDep ROOT express-session@1.18.2 REPLACE for: istruzione-f-backend@1.0.0 want: ^1.17.3
72 silly placeDep ROOT mongoose@8.19.1 REPLACE for: istruzione-f-backend@1.0.0 want: ^8.19.1
73 silly placeDep ROOT multer@1.4.5-lts.2 OK for: istruzione-f-backend@1.0.0 want: ^1.4.5-lts.1
74 silly placeDep ROOT nodemailer@6.10.1 REPLACE for: istruzione-f-backend@1.0.0 want: ^6.9.16
75 silly placeDep ROOT passport@0.7.0 REPLACE for: istruzione-f-backend@1.0.0 want: ^0.7.0
76 silly placeDep ROOT passport-google-oauth20@2.0.0 REPLACE for: istruzione-f-backend@1.0.0 want: ^2.0.0
77 silly placeDep ROOT passport-microsoft@1.1.0 REPLACE for: istruzione-f-backend@1.0.0 want: ^1.0.0
78 silly placeDep ROOT twilio@5.10.3 REPLACE for: istruzione-f-backend@1.0.0 want: ^5.3.6
79 silly fetch manifest xtend@^4.0.0
80 silly packumentCache full:https://registry.npmjs.org/xtend cache-miss
81 silly fetch manifest busboy@^1.0.0
82 silly packumentCache full:https://registry.npmjs.org/busboy cache-miss
83 silly fetch manifest mkdirp@^0.5.4
84 silly packumentCache full:https://registry.npmjs.org/mkdirp cache-miss
85 silly fetch manifest type-is@^1.6.4
86 silly packumentCache full:https://registry.npmjs.org/type-is cache-miss
87 silly fetch manifest append-field@^1.0.0
88 silly packumentCache full:https://registry.npmjs.org/append-field cache-miss
89 silly fetch manifest concat-stream@^1.5.2
90 silly packumentCache full:https://registry.npmjs.org/concat-stream cache-miss
91 http fetch GET 200 https://registry.npmjs.org/xtend 57ms (cache miss)
92 silly packumentCache full:https://registry.npmjs.org/xtend set size:undefined disposed:false
93 http fetch GET 200 https://registry.npmjs.org/append-field 172ms (cache miss)
94 silly packumentCache full:https://registry.npmjs.org/append-field set size:undefined disposed:false
95 http fetch GET 200 https://registry.npmjs.org/busboy 220ms (cache miss)
96 silly packumentCache full:https://registry.npmjs.org/busboy set size:undefined disposed:false
97 http fetch GET 200 https://registry.npmjs.org/type-is 230ms (cache miss)
98 silly packumentCache full:https://registry.npmjs.org/type-is set size:undefined disposed:false
99 http fetch GET 200 https://registry.npmjs.org/concat-stream 233ms (cache miss)
100 silly packumentCache full:https://registry.npmjs.org/concat-stream set size:undefined disposed:false
101 http fetch GET 200 https://registry.npmjs.org/mkdirp 244ms (cache miss)
102 silly packumentCache full:https://registry.npmjs.org/mkdirp set size:undefined disposed:false
103 silly placeDep ROOT append-field@1.0.0 OK for: multer@1.4.5-lts.2 want: ^1.0.0
104 silly placeDep ROOT busboy@1.6.0 OK for: multer@1.4.5-lts.2 want: ^1.0.0
105 silly placeDep ROOT concat-stream@1.6.2 OK for: multer@1.4.5-lts.2 want: ^1.5.2
106 silly placeDep ROOT mkdirp@0.5.6 OK for: multer@1.4.5-lts.2 want: ^0.5.4
107 silly placeDep node_modules/multer type-is@1.6.18 OK for: multer@1.4.5-lts.2 want: ^1.6.4
108 silly placeDep ROOT xtend@4.0.2 OK for: multer@1.4.5-lts.2 want: ^4.0.0
109 silly fetch manifest streamsearch@^1.1.0
110 silly packumentCache full:https://registry.npmjs.org/streamsearch cache-miss
111 silly fetch manifest buffer-from@^1.0.0
112 silly packumentCache full:https://registry.npmjs.org/buffer-from cache-miss
113 silly fetch manifest readable-stream@^2.2.2
114 silly packumentCache full:https://registry.npmjs.org/readable-stream cache-miss
115 silly fetch manifest typedarray@^0.0.6
116 silly packumentCache full:https://registry.npmjs.org/typedarray cache-miss
117 silly fetch manifest minimist@^1.2.6
118 silly packumentCache full:https://registry.npmjs.org/minimist cache-miss
119 silly fetch manifest mime-types@~2.1.24
120 silly packumentCache full:https://registry.npmjs.org/mime-types cache-miss
121 silly fetch manifest media-typer@0.3.0
122 silly packumentCache full:https://registry.npmjs.org/media-typer cache-miss
123 http fetch GET 200 https://registry.npmjs.org/typedarray 95ms (cache miss)
124 silly packumentCache full:https://registry.npmjs.org/typedarray set size:undefined disposed:false
125 http fetch GET 200 https://registry.npmjs.org/streamsearch 103ms (cache miss)
126 silly packumentCache full:https://registry.npmjs.org/streamsearch set size:undefined disposed:false
127 http fetch GET 200 https://registry.npmjs.org/media-typer 103ms (cache miss)
128 silly packumentCache full:https://registry.npmjs.org/media-typer set size:undefined disposed:false
129 http fetch GET 200 https://registry.npmjs.org/buffer-from 108ms (cache miss)
130 silly packumentCache full:https://registry.npmjs.org/buffer-from set size:undefined disposed:false
131 http fetch GET 200 https://registry.npmjs.org/minimist 138ms (cache miss)
132 silly packumentCache full:https://registry.npmjs.org/minimist set size:undefined disposed:false
133 http fetch GET 200 https://registry.npmjs.org/readable-stream 162ms (cache miss)
134 silly packumentCache full:https://registry.npmjs.org/readable-stream set size:undefined disposed:false
135 http fetch GET 200 https://registry.npmjs.org/mime-types 169ms (cache revalidated)
136 silly packumentCache full:https://registry.npmjs.org/mime-types set size:136716 disposed:false
137 silly placeDep ROOT streamsearch@1.1.0 OK for: busboy@1.6.0 want: ^1.1.0
138 silly placeDep ROOT buffer-from@1.1.2 OK for: concat-stream@1.6.2 want: ^1.0.0
139 silly placeDep ROOT readable-stream@2.3.8 OK for: concat-stream@1.6.2 want: ^2.2.2
140 silly placeDep ROOT typedarray@0.0.6 OK for: concat-stream@1.6.2 want: ^0.0.6
141 silly fetch manifest isarray@~1.0.0
142 silly packumentCache full:https://registry.npmjs.org/isarray cache-miss
143 silly fetch manifest safe-buffer@~5.1.1
144 silly packumentCache full:https://registry.npmjs.org/safe-buffer cache-miss
145 silly fetch manifest core-util-is@~1.0.0
146 silly packumentCache full:https://registry.npmjs.org/core-util-is cache-miss
147 silly fetch manifest string_decoder@~1.1.1
148 silly packumentCache full:https://registry.npmjs.org/string_decoder cache-miss
149 silly fetch manifest util-deprecate@~1.0.1
150 silly packumentCache full:https://registry.npmjs.org/util-deprecate cache-miss
151 silly fetch manifest process-nextick-args@~2.0.0
152 silly packumentCache full:https://registry.npmjs.org/process-nextick-args cache-miss
153 http fetch GET 200 https://registry.npmjs.org/isarray 47ms (cache miss)
154 silly packumentCache full:https://registry.npmjs.org/isarray set size:undefined disposed:false
155 http fetch GET 200 https://registry.npmjs.org/util-deprecate 58ms (cache miss)
156 silly packumentCache full:https://registry.npmjs.org/util-deprecate set size:undefined disposed:false
157 http fetch GET 200 https://registry.npmjs.org/process-nextick-args 59ms (cache miss)
158 silly packumentCache full:https://registry.npmjs.org/process-nextick-args set size:undefined disposed:false
159 http fetch GET 200 https://registry.npmjs.org/core-util-is 70ms (cache miss)
160 silly packumentCache full:https://registry.npmjs.org/core-util-is set size:undefined disposed:false
161 http fetch GET 200 https://registry.npmjs.org/string_decoder 76ms (cache miss)
162 silly packumentCache full:https://registry.npmjs.org/string_decoder set size:undefined disposed:false
163 http fetch GET 200 https://registry.npmjs.org/safe-buffer 88ms (cache miss)
164 silly packumentCache full:https://registry.npmjs.org/safe-buffer set size:undefined disposed:false
165 silly placeDep ROOT minimist@1.2.8 OK for: mkdirp@0.5.6 want: ^1.2.6
166 silly placeDep ROOT core-util-is@1.0.3 OK for: readable-stream@2.3.8 want: ~1.0.0
167 silly placeDep ROOT isarray@1.0.0 OK for: readable-stream@2.3.8 want: ~1.0.0
168 silly placeDep ROOT process-nextick-args@2.0.1 OK for: readable-stream@2.3.8 want: ~2.0.0
169 silly placeDep node_modules/readable-stream safe-buffer@5.1.2 OK for: readable-stream@2.3.8 want: ~5.1.1
170 silly placeDep ROOT string_decoder@1.1.1 OK for: readable-stream@2.3.8 want: ~1.1.1
171 silly placeDep ROOT util-deprecate@1.0.2 OK for: readable-stream@2.3.8 want: ~1.0.1
172 silly fetch manifest safe-buffer@~5.1.0
173 silly packumentCache full:https://registry.npmjs.org/safe-buffer cache-miss
174 http cache https://registry.npmjs.org/safe-buffer 2ms (cache hit)
175 silly packumentCache full:https://registry.npmjs.org/safe-buffer set size:41183 disposed:false
176 silly placeDep node_modules/string_decoder safe-buffer@5.1.2 OK for: string_decoder@1.1.1 want: ~5.1.0
177 silly placeDep node_modules/multer media-typer@0.3.0 OK for: type-is@1.6.18 want: 0.3.0
178 silly placeDep node_modules/multer mime-types@2.1.35 OK for: type-is@1.6.18 want: ~2.1.24
179 silly fetch manifest mime-db@1.52.0
180 silly packumentCache full:https://registry.npmjs.org/mime-db cache-miss
181 http fetch GET 200 https://registry.npmjs.org/mime-db 50ms (cache revalidated)
182 silly packumentCache full:https://registry.npmjs.org/mime-db set size:164953 disposed:false
183 silly placeDep node_modules/multer mime-db@1.52.0 OK for: mime-types@2.1.35 want: 1.52.0
184 silly reify moves {}
185 silly audit bulk request {
185 silly audit   '@mongodb-js/saslprep': [ '1.3.1' ],
185 silly audit   '@types/webidl-conversions': [ '7.0.3' ],
185 silly audit   '@types/whatwg-url': [ '11.0.5' ],
185 silly audit   accepts: [ '2.0.0' ],
185 silly audit   'agent-base': [ '6.0.2' ],
185 silly audit   asynckit: [ '0.4.0' ],
185 silly audit   'aws-ssl-profiles': [ '1.1.2' ],
185 silly audit   axios: [ '1.12.2' ],
185 silly audit   base64url: [ '3.0.1' ],
185 silly audit   bson: [ '6.10.4' ],
185 silly audit   'buffer-equal-constant-time': [ '1.0.1' ],
185 silly audit   bytes: [ '3.1.2' ],
185 silly audit   'call-bind-apply-helpers': [ '1.0.2' ],
185 silly audit   'call-bound': [ '1.0.4' ],
185 silly audit   'combined-stream': [ '1.0.8' ],
185 silly audit   'content-disposition': [ '1.0.0' ],
185 silly audit   'content-type': [ '1.0.5' ],
185 silly audit   cookie: [ '0.7.2' ],
185 silly audit   'cookie-signature': [ '1.2.2', '1.0.7' ],
185 silly audit   dayjs: [ '1.11.18' ],
185 silly audit   debug: [ '4.4.3', '2.6.9' ],
185 silly audit   'delayed-stream': [ '1.0.0' ],
185 silly audit   denque: [ '2.1.0' ],
185 silly audit   depd: [ '2.0.0' ],
185 silly audit   'dunder-proto': [ '1.0.1' ],
185 silly audit   'ecdsa-sig-formatter': [ '1.0.11' ],
185 silly audit   'ee-first': [ '1.1.1' ],
185 silly audit   encodeurl: [ '2.0.0' ],
185 silly audit   'es-define-property': [ '1.0.1' ],
185 silly audit   'es-errors': [ '1.3.0' ],
185 silly audit   'es-object-atoms': [ '1.1.1' ],
185 silly audit   'es-set-tostringtag': [ '2.1.0' ],
185 silly audit   'escape-html': [ '1.0.3' ],
185 silly audit   etag: [ '1.8.1' ],
185 silly audit   ms: [ '2.1.3', '2.0.0' ],
185 silly audit   finalhandler: [ '2.1.0' ],
185 silly audit   'follow-redirects': [ '1.15.11' ],
185 silly audit   'form-data': [ '4.0.4' ],
185 silly audit   'mime-db': [ '1.52.0', '1.54.0' ],
185 silly audit   'mime-types': [ '2.1.35', '3.0.1' ],
185 silly audit   forwarded: [ '0.2.0' ],
185 silly audit   fresh: [ '2.0.0' ],
185 silly audit   'function-bind': [ '1.1.2' ],
185 silly audit   'generate-function': [ '2.3.1' ],
185 silly audit   'get-intrinsic': [ '1.3.0' ],
185 silly audit   'get-proto': [ '1.0.1' ],
185 silly audit   gopd: [ '1.2.0' ],
185 silly audit   'has-symbols': [ '1.1.0' ],
185 silly audit   'has-tostringtag': [ '1.0.2' ],
185 silly audit   hasown: [ '2.0.2' ],
185 silly audit   'http-errors': [ '2.0.0' ],
185 silly audit   statuses: [ '2.0.1', '2.0.2' ],
185 silly audit   'https-proxy-agent': [ '5.0.1' ],
185 silly audit   'iconv-lite': [ '0.6.3', '0.7.0' ],
185 silly audit   inherits: [ '2.0.4' ],
185 silly audit   'ipaddr.js': [ '1.9.1' ],
185 silly audit   'is-promise': [ '4.0.0' ],
185 silly audit   'is-property': [ '1.0.2' ],
185 silly audit   jsonwebtoken: [ '9.0.2' ],
185 silly audit   jwa: [ '1.4.2' ],
185 silly audit   jws: [ '3.2.2' ],
185 silly audit   kareem: [ '2.6.3' ],
185 silly audit   'lodash.includes': [ '4.3.0' ],
185 silly audit   'lodash.isboolean': [ '3.0.3' ],
185 silly audit   'lodash.isinteger': [ '4.0.4' ],
185 silly audit   'lodash.isnumber': [ '3.0.3' ],
185 silly audit   'lodash.isplainobject': [ '4.0.6' ],
185 silly audit   'lodash.isstring': [ '4.0.1' ],
185 silly audit   'lodash.once': [ '4.1.1' ],
185 silly audit   long: [ '5.3.2' ],
185 silly audit   'lru-cache': [ '7.18.3' ],
185 silly audit   'lru.min': [ '1.1.2' ],
185 silly audit   'math-intrinsics': [ '1.1.0' ],
185 silly audit   'media-typer': [ '1.1.0', '0.3.0' ],
185 silly audit   'memory-pager': [ '1.5.0' ],
185 silly audit   'merge-descriptors': [ '2.0.0' ],
185 silly audit   mongodb: [ '6.20.0' ],
185 silly audit   'mongodb-connection-string-url': [ '3.0.2' ],
185 silly audit   mpath: [ '0.9.0' ],
185 silly audit   mquery: [ '5.0.0' ],
185 silly audit   mysql2: [ '3.15.2' ],
185 silly audit   'named-placeholders': [ '1.1.3' ],
185 silly audit   negotiator: [ '1.0.0' ],
185 silly audit   oauth: [ '0.10.2' ],
185 silly audit   'object-assign': [ '4.1.1' ],
185 silly audit   'object-inspect': [ '1.13.4' ],
185 silly audit   'on-finished': [ '2.4.1' ],
185 silly audit   'on-headers': [ '1.1.0' ],
185 silly audit   once: [ '1.4.0' ],
185 silly audit   parseurl: [ '1.3.3' ],
185 silly audit   'passport-oauth2': [ '1.8.0' ],
185 silly audit   'passport-strategy': [ '1.0.0' ],
185 silly audit   'path-to-regexp': [ '8.3.0' ],
185 silly audit   pause: [ '0.0.1' ],
185 silly audit   'proxy-addr': [ '2.0.7' ],
185 silly audit   'proxy-from-env': [ '1.1.0' ],
185 silly audit   punycode: [ '2.3.1' ],
185 silly audit   qs: [ '6.14.0' ],
185 silly audit   'random-bytes': [ '1.0.0' ],
185 silly audit   'range-parser': [ '1.2.1' ],
185 silly audit   'raw-body': [ '3.0.1' ],
185 silly audit   router: [ '2.2.0' ],
185 silly audit   'safe-buffer': [ '5.2.1', '5.1.2' ],
185 silly audit   'safer-buffer': [ '2.1.2' ],
185 silly audit   scmp: [ '2.1.0' ],
185 silly audit   semver: [ '7.7.3' ],
185 silly audit   send: [ '1.2.0' ],
185 silly audit   'seq-queue': [ '0.0.5' ],
185 silly audit   'serve-static': [ '2.2.0' ],
185 silly audit   setprototypeof: [ '1.2.0' ],
185 silly audit   'side-channel': [ '1.1.0' ],
185 silly audit   'side-channel-list': [ '1.0.0' ],
185 silly audit   'side-channel-map': [ '1.0.1' ],
185 silly audit   'side-channel-weakmap': [ '1.0.2' ],
185 silly audit   sift: [ '17.1.3' ],
185 silly audit   'sparse-bitfield': [ '3.0.3' ],
185 silly audit   sqlstring: [ '2.3.3' ],
185 silly audit   toidentifier: [ '1.0.1' ],
185 silly audit   tr46: [ '5.1.1' ],
185 silly audit   'type-is': [ '2.0.1', '1.6.18' ],
185 silly audit   'uid-safe': [ '2.1.5' ],
185 silly audit   uid2: [ '0.0.4' ],
185 silly audit   unpipe: [ '1.0.0' ],
185 silly audit   'utils-merge': [ '1.0.1' ],
185 silly audit   vary: [ '1.1.2' ],
185 silly audit   'webidl-conversions': [ '7.0.0' ],
185 silly audit   'whatwg-url': [ '14.2.0' ],
185 silly audit   wrappy: [ '1.0.2' ],
185 silly audit   xmlbuilder: [ '13.0.2' ],
185 silly audit   bcryptjs: [ '3.0.2' ],
185 silly audit   'body-parser': [ '2.2.0' ],
185 silly audit   cors: [ '2.8.5' ],
185 silly audit   dotenv: [ '16.6.1' ],
185 silly audit   express: [ '5.1.0' ],
185 silly audit   'express-session': [ '1.18.2' ],
185 silly audit   mongoose: [ '8.19.1' ],
185 silly audit   multer: [ '1.4.5-lts.2' ],
185 silly audit   nodemailer: [ '6.10.1' ],
185 silly audit   passport: [ '0.7.0' ],
185 silly audit   'passport-google-oauth20': [ '2.0.0' ],
185 silly audit   'passport-microsoft': [ '1.1.0' ],
185 silly audit   twilio: [ '5.10.3' ],
185 silly audit   'append-field': [ '1.0.0' ],
185 silly audit   busboy: [ '1.6.0' ],
185 silly audit   'concat-stream': [ '1.6.2' ],
185 silly audit   mkdirp: [ '0.5.6' ],
185 silly audit   xtend: [ '4.0.2' ],
185 silly audit   streamsearch: [ '1.1.0' ],
185 silly audit   'buffer-from': [ '1.1.2' ],
185 silly audit   'readable-stream': [ '2.3.8' ],
185 silly audit   typedarray: [ '0.0.6' ],
185 silly audit   minimist: [ '1.2.8' ],
185 silly audit   'core-util-is': [ '1.0.3' ],
185 silly audit   isarray: [ '1.0.0' ],
185 silly audit   'process-nextick-args': [ '2.0.1' ],
185 silly audit   string_decoder: [ '1.1.1' ],
185 silly audit   'util-deprecate': [ '1.0.2' ]
185 silly audit }
186 http cache util-deprecate@https://registry.npmjs.org/util-deprecate/-/util-deprecate-1.0.2.tgz 0ms (cache hit)
187 http cache string_decoder@https://registry.npmjs.org/string_decoder/-/string_decoder-1.1.1.tgz 0ms (cache hit)
188 http cache isarray@https://registry.npmjs.org/isarray/-/isarray-1.0.0.tgz 0ms (cache hit)
189 http cache core-util-is@https://registry.npmjs.org/core-util-is/-/core-util-is-1.0.3.tgz 0ms (cache hit)
190 http cache minimist@https://registry.npmjs.org/minimist/-/minimist-1.2.8.tgz 0ms (cache hit)
191 http cache typedarray@https://registry.npmjs.org/typedarray/-/typedarray-0.0.6.tgz 0ms (cache hit)
192 http cache readable-stream@https://registry.npmjs.org/readable-stream/-/readable-stream-2.3.8.tgz 0ms (cache hit)
193 http cache buffer-from@https://registry.npmjs.org/buffer-from/-/buffer-from-1.1.2.tgz 0ms (cache hit)
194 http cache streamsearch@https://registry.npmjs.org/streamsearch/-/streamsearch-1.1.0.tgz 0ms (cache hit)
195 http cache xtend@https://registry.npmjs.org/xtend/-/xtend-4.0.2.tgz 0ms (cache hit)
196 http cache mkdirp@https://registry.npmjs.org/mkdirp/-/mkdirp-0.5.6.tgz 0ms (cache hit)
197 http cache append-field@https://registry.npmjs.org/append-field/-/append-field-1.0.0.tgz 0ms (cache hit)
198 http cache process-nextick-args@https://registry.npmjs.org/process-nextick-args/-/process-nextick-args-2.0.1.tgz 0ms (cache hit)
199 http cache multer@https://registry.npmjs.org/multer/-/multer-1.4.5-lts.2.tgz 0ms (cache hit)
200 http cache safe-buffer@https://registry.npmjs.org/safe-buffer/-/safe-buffer-5.1.2.tgz 0ms (cache hit)
201 http cache safe-buffer@https://registry.npmjs.org/safe-buffer/-/safe-buffer-5.1.2.tgz 0ms (cache hit)
202 http cache mime-db@https://registry.npmjs.org/mime-db/-/mime-db-1.52.0.tgz 0ms (cache hit)
203 http cache concat-stream@https://registry.npmjs.org/concat-stream/-/concat-stream-1.6.2.tgz 0ms (cache hit)
204 http cache busboy@https://registry.npmjs.org/busboy/-/busboy-1.6.0.tgz 0ms (cache hit)
205 http cache type-is@https://registry.npmjs.org/type-is/-/type-is-1.6.18.tgz 0ms (cache hit)
206 http cache mime-types@https://registry.npmjs.org/mime-types/-/mime-types-2.1.35.tgz 0ms (cache hit)
207 http cache media-typer@https://registry.npmjs.org/media-typer/-/media-typer-0.3.0.tgz 0ms (cache hit)
208 silly tarball no local data for util-deprecate@https://registry.npmjs.org/util-deprecate/-/util-deprecate-1.0.2.tgz. Extracting by manifest.
209 silly tarball no local data for string_decoder@https://registry.npmjs.org/string_decoder/-/string_decoder-1.1.1.tgz. Extracting by manifest.
210 silly tarball no local data for isarray@https://registry.npmjs.org/isarray/-/isarray-1.0.0.tgz. Extracting by manifest.
211 silly tarball no local data for core-util-is@https://registry.npmjs.org/core-util-is/-/core-util-is-1.0.3.tgz. Extracting by manifest.
212 silly tarball no local data for minimist@https://registry.npmjs.org/minimist/-/minimist-1.2.8.tgz. Extracting by manifest.
213 silly tarball no local data for typedarray@https://registry.npmjs.org/typedarray/-/typedarray-0.0.6.tgz. Extracting by manifest.
214 silly tarball no local data for readable-stream@https://registry.npmjs.org/readable-stream/-/readable-stream-2.3.8.tgz. Extracting by manifest.
215 silly tarball no local data for buffer-from@https://registry.npmjs.org/buffer-from/-/buffer-from-1.1.2.tgz. Extracting by manifest.
216 silly tarball no local data for streamsearch@https://registry.npmjs.org/streamsearch/-/streamsearch-1.1.0.tgz. Extracting by manifest.
217 silly tarball no local data for xtend@https://registry.npmjs.org/xtend/-/xtend-4.0.2.tgz. Extracting by manifest.
218 silly tarball no local data for mkdirp@https://registry.npmjs.org/mkdirp/-/mkdirp-0.5.6.tgz. Extracting by manifest.
219 silly tarball no local data for append-field@https://registry.npmjs.org/append-field/-/append-field-1.0.0.tgz. Extracting by manifest.
220 silly tarball no local data for process-nextick-args@https://registry.npmjs.org/process-nextick-args/-/process-nextick-args-2.0.1.tgz. Extracting by manifest.
221 silly tarball no local data for multer@https://registry.npmjs.org/multer/-/multer-1.4.5-lts.2.tgz. Extracting by manifest.
222 silly tarball no local data for safe-buffer@https://registry.npmjs.org/safe-buffer/-/safe-buffer-5.1.2.tgz. Extracting by manifest.
223 silly tarball no local data for safe-buffer@https://registry.npmjs.org/safe-buffer/-/safe-buffer-5.1.2.tgz. Extracting by manifest.
224 silly tarball no local data for concat-stream@https://registry.npmjs.org/concat-stream/-/concat-stream-1.6.2.tgz. Extracting by manifest.
225 silly tarball no local data for busboy@https://registry.npmjs.org/busboy/-/busboy-1.6.0.tgz. Extracting by manifest.
226 silly tarball no local data for type-is@https://registry.npmjs.org/type-is/-/type-is-1.6.18.tgz. Extracting by manifest.
227 silly tarball no local data for media-typer@https://registry.npmjs.org/media-typer/-/media-typer-0.3.0.tgz. Extracting by manifest.
228 http fetch GET 200 https://registry.npmjs.org/string_decoder/-/string_decoder-1.1.1.tgz 53ms (cache miss)
229 http fetch GET 200 https://registry.npmjs.org/isarray/-/isarray-1.0.0.tgz 66ms (cache miss)
230 http fetch GET 200 https://registry.npmjs.org/core-util-is/-/core-util-is-1.0.3.tgz 69ms (cache miss)
231 http fetch GET 200 https://registry.npmjs.org/util-deprecate/-/util-deprecate-1.0.2.tgz 82ms (cache miss)
232 http fetch GET 200 https://registry.npmjs.org/typedarray/-/typedarray-0.0.6.tgz 112ms (cache miss)
233 http fetch GET 200 https://registry.npmjs.org/safe-buffer/-/safe-buffer-5.1.2.tgz 166ms (cache miss)
234 http fetch GET 200 https://registry.npmjs.org/minimist/-/minimist-1.2.8.tgz 168ms (cache miss)
235 http fetch GET 200 https://registry.npmjs.org/safe-buffer/-/safe-buffer-5.1.2.tgz 167ms (cache miss)
236 http fetch GET 200 https://registry.npmjs.org/concat-stream/-/concat-stream-1.6.2.tgz 168ms (cache miss)
237 http fetch GET 200 https://registry.npmjs.org/type-is/-/type-is-1.6.18.tgz 178ms (cache miss)
238 http fetch GET 200 https://registry.npmjs.org/busboy/-/busboy-1.6.0.tgz 183ms (cache miss)
239 http fetch GET 200 https://registry.npmjs.org/streamsearch/-/streamsearch-1.1.0.tgz 194ms (cache miss)
240 http fetch GET 200 https://registry.npmjs.org/media-typer/-/media-typer-0.3.0.tgz 197ms (cache miss)
241 http fetch GET 200 https://registry.npmjs.org/append-field/-/append-field-1.0.0.tgz 198ms (cache miss)
242 http fetch GET 200 https://registry.npmjs.org/mkdirp/-/mkdirp-0.5.6.tgz 203ms (cache miss)
243 http fetch GET 200 https://registry.npmjs.org/xtend/-/xtend-4.0.2.tgz 209ms (cache miss)
244 http fetch GET 200 https://registry.npmjs.org/buffer-from/-/buffer-from-1.1.2.tgz 211ms (cache miss)
245 http fetch GET 200 https://registry.npmjs.org/process-nextick-args/-/process-nextick-args-2.0.1.tgz 221ms (cache miss)
246 http fetch GET 200 https://registry.npmjs.org/multer/-/multer-1.4.5-lts.2.tgz 236ms (cache miss)
247 warn deprecated multer@1.4.5-lts.2: Multer 1.x is impacted by a number of vulnerabilities, which have been patched in 2.x. You should upgrade to the latest 2.x version.
248 http fetch GET 200 https://registry.npmjs.org/readable-stream/-/readable-stream-2.3.8.tgz 253ms (cache miss)
249 http fetch POST 200 https://registry.npmjs.org/-/npm/v1/security/advisories/bulk 321ms
250 silly audit report {
250 silly audit report   nodemailer: [
250 silly audit report     {
250 silly audit report       id: 1108571,
250 silly audit report       url: 'https://github.com/advisories/GHSA-mm7p-fcc7-pg87',
250 silly audit report       title: 'Nodemailer: Email to an unintended domain can occur due to Interpretation Conflict',
250 silly audit report       severity: 'moderate',
250 silly audit report       vulnerable_versions: '<7.0.7',
250 silly audit report       cwe: [Array],
250 silly audit report       cvss: [Object]
250 silly audit report     }
250 silly audit report   ]
250 silly audit report }
251 silly packumentCache corgi:https://registry.npmjs.org/nodemailer cache-miss
252 http fetch GET 200 https://registry.npmjs.org/nodemailer 46ms (cache revalidated)
253 silly packumentCache corgi:https://registry.npmjs.org/nodemailer set size:299512 disposed:false
254 silly ADD node_modules/util-deprecate
255 silly ADD node_modules/string_decoder
256 silly ADD node_modules/string_decoder/node_modules/safe-buffer
257 silly ADD node_modules/process-nextick-args
258 silly ADD node_modules/isarray
259 silly ADD node_modules/core-util-is
260 silly ADD node_modules/minimist
261 silly ADD node_modules/typedarray
262 silly ADD node_modules/readable-stream
263 silly ADD node_modules/readable-stream/node_modules/safe-buffer
264 silly ADD node_modules/buffer-from
265 silly ADD node_modules/streamsearch
266 silly ADD node_modules/xtend
267 silly ADD node_modules/mkdirp
268 silly ADD node_modules/concat-stream
269 silly ADD node_modules/busboy
270 silly ADD node_modules/append-field
271 silly ADD node_modules/multer
272 silly ADD node_modules/multer/node_modules/mime-db
273 silly ADD node_modules/multer/node_modules/mime-types
274 silly ADD node_modules/multer/node_modules/media-typer
275 silly ADD node_modules/multer/node_modules/type-is
276 verbose cwd /Users/dheerajrangu/Documents/LMS-project/backend
277 verbose os Darwin 25.0.0
278 verbose node v22.14.0
279 verbose npm  v10.9.2
280 verbose exit 0
281 info ok
