0 verbose cli /usr/local/bin/node /usr/local/bin/npm
1 info using npm@10.9.2
2 info using node@v22.14.0
3 silly config load:file:/usr/local/lib/node_modules/npm/npmrc
4 silly config load:file:/Users/dheerajrangu/Documents/LMS-project/backend/.npmrc
5 silly config load:file:/Users/dheerajrangu/.npmrc
6 silly config load:file:/usr/local/etc/npmrc
7 verbose title npm install
8 verbose argv "install"
9 verbose logfile logs-max:10 dir:/Users/dheerajrangu/Documents/LMS-project/backend/npm-cache/_logs/2025-10-17T14_54_31_211Z-
10 verbose logfile /Users/dheerajrangu/Documents/LMS-project/backend/npm-cache/_logs/2025-10-17T14_54_31_211Z-debug-0.log
11 silly logfile done cleaning log files
12 silly packumentCache heap:2197815296 maxSize:549453824 maxEntrySize:274726912
13 silly idealTree buildDeps
14 silly fetch manifest passport@^0.7.0
15 silly packumentCache full:https://registry.npmjs.org/passport cache-miss
16 http fetch GET 200 https://registry.npmjs.org/passport 1169ms (cache miss)
17 silly packumentCache full:https://registry.npmjs.org/passport set size:undefined disposed:false
18 silly fetch manifest passport-google-oauth20@^2.0.0
19 silly packumentCache full:https://registry.npmjs.org/passport-google-oauth20 cache-miss
20 http fetch GET 200 https://registry.npmjs.org/passport-google-oauth20 883ms (cache miss)
21 silly packumentCache full:https://registry.npmjs.org/passport-google-oauth20 set size:undefined disposed:false
22 silly fetch manifest passport-microsoft@^1.0.0
23 silly packumentCache full:https://registry.npmjs.org/passport-microsoft cache-miss
24 http fetch GET 200 https://registry.npmjs.org/passport-microsoft 867ms (cache miss)
25 silly packumentCache full:https://registry.npmjs.org/passport-microsoft set size:undefined disposed:false
26 silly fetch manifest express-session@^1.17.3
27 silly packumentCache full:https://registry.npmjs.org/express-session cache-miss
28 http fetch GET 200 https://registry.npmjs.org/express-session 572ms (cache miss)
29 silly packumentCache full:https://registry.npmjs.org/express-session set size:undefined disposed:false
30 silly placeDep ROOT express-session@1.18.2 OK for: istruzione-f-backend@1.0.0 want: ^1.17.3
31 silly placeDep ROOT passport@0.7.0 OK for: istruzione-f-backend@1.0.0 want: ^0.7.0
32 silly placeDep ROOT passport-google-oauth20@2.0.0 OK for: istruzione-f-backend@1.0.0 want: ^2.0.0
33 silly placeDep ROOT passport-microsoft@1.1.0 OK for: istruzione-f-backend@1.0.0 want: ^1.0.0
34 silly fetch manifest cookie-signature@1.0.7
35 silly packumentCache full:https://registry.npmjs.org/cookie-signature cache-miss
36 silly fetch manifest debug@2.6.9
37 silly packumentCache full:https://registry.npmjs.org/debug cache-miss
38 silly fetch manifest on-headers@~1.1.0
39 silly packumentCache full:https://registry.npmjs.org/on-headers cache-miss
40 silly fetch manifest uid-safe@~2.1.5
41 silly packumentCache full:https://registry.npmjs.org/uid-safe cache-miss
42 silly fetch manifest pause@0.0.1
43 silly packumentCache full:https://registry.npmjs.org/pause cache-miss
44 silly fetch manifest utils-merge@^1.0.1
45 silly packumentCache full:https://registry.npmjs.org/utils-merge cache-miss
46 silly fetch manifest passport-strategy@1.x.x
47 silly packumentCache full:https://registry.npmjs.org/passport-strategy cache-miss
48 http fetch GET 200 https://registry.npmjs.org/cookie-signature 131ms (cache miss)
49 silly packumentCache full:https://registry.npmjs.org/cookie-signature set size:undefined disposed:false
50 silly fetch manifest passport-oauth2@1.x.x
51 silly packumentCache full:https://registry.npmjs.org/passport-oauth2 cache-miss
52 http fetch GET 200 https://registry.npmjs.org/pause 227ms (cache miss)
53 silly packumentCache full:https://registry.npmjs.org/pause set size:undefined disposed:false
54 silly fetch manifest passport-oauth2@1.8.0
55 silly packumentCache full:https://registry.npmjs.org/passport-oauth2 cache-miss
56 http fetch GET 200 https://registry.npmjs.org/utils-merge 241ms (cache miss)
57 silly packumentCache full:https://registry.npmjs.org/utils-merge set size:undefined disposed:false
58 http fetch GET 200 https://registry.npmjs.org/on-headers 244ms (cache miss)
59 silly packumentCache full:https://registry.npmjs.org/on-headers set size:undefined disposed:false
60 http fetch GET 200 https://registry.npmjs.org/uid-safe 259ms (cache miss)
61 silly packumentCache full:https://registry.npmjs.org/uid-safe set size:undefined disposed:false
62 http fetch GET 200 https://registry.npmjs.org/passport-oauth2 134ms (cache miss)
63 silly packumentCache full:https://registry.npmjs.org/passport-oauth2 set size:undefined disposed:false
64 http fetch GET 200 https://registry.npmjs.org/passport-oauth2 108ms (cache miss)
65 silly packumentCache full:https://registry.npmjs.org/passport-oauth2 set size:undefined disposed:false
66 http fetch GET 200 https://registry.npmjs.org/debug 401ms (cache miss)
67 silly packumentCache full:https://registry.npmjs.org/debug set size:undefined disposed:false
68 http fetch GET 200 https://registry.npmjs.org/passport-strategy 1042ms (cache miss)
69 silly packumentCache full:https://registry.npmjs.org/passport-strategy set size:undefined disposed:false
70 silly placeDep node_modules/express-session cookie-signature@1.0.7 OK for: express-session@1.18.2 want: 1.0.7
71 silly placeDep node_modules/express-session debug@2.6.9 OK for: express-session@1.18.2 want: 2.6.9
72 silly placeDep ROOT on-headers@1.1.0 OK for: express-session@1.18.2 want: ~1.1.0
73 silly placeDep ROOT uid-safe@2.1.5 OK for: express-session@1.18.2 want: ~2.1.5
74 silly fetch manifest ms@2.0.0
75 silly packumentCache full:https://registry.npmjs.org/ms cache-miss
76 silly fetch manifest random-bytes@~1.0.0
77 silly packumentCache full:https://registry.npmjs.org/random-bytes cache-miss
78 http fetch GET 200 https://registry.npmjs.org/random-bytes 77ms (cache miss)
79 silly packumentCache full:https://registry.npmjs.org/random-bytes set size:undefined disposed:false
80 http fetch GET 200 https://registry.npmjs.org/ms 132ms (cache miss)
81 silly packumentCache full:https://registry.npmjs.org/ms set size:undefined disposed:false
82 silly placeDep ROOT passport-strategy@1.0.0 OK for: passport@0.7.0 want: 1.x.x
83 silly placeDep ROOT pause@0.0.1 OK for: passport@0.7.0 want: 0.0.1
84 silly placeDep ROOT utils-merge@1.0.1 OK for: passport@0.7.0 want: ^1.0.1
85 silly placeDep ROOT passport-oauth2@1.8.0 OK for: passport-google-oauth20@2.0.0 want: 1.x.x
86 silly fetch manifest base64url@3.x.x
87 silly packumentCache full:https://registry.npmjs.org/base64url cache-miss
88 silly fetch manifest oauth@0.10.x
89 silly packumentCache full:https://registry.npmjs.org/oauth cache-miss
90 silly fetch manifest uid2@0.0.x
91 silly packumentCache full:https://registry.npmjs.org/uid2 cache-miss
92 http fetch GET 200 https://registry.npmjs.org/uid2 75ms (cache miss)
93 silly packumentCache full:https://registry.npmjs.org/uid2 set size:undefined disposed:false
94 http fetch GET 200 https://registry.npmjs.org/oauth 127ms (cache miss)
95 silly packumentCache full:https://registry.npmjs.org/oauth set size:undefined disposed:false
96 http fetch GET 200 https://registry.npmjs.org/base64url 866ms (cache miss)
97 silly packumentCache full:https://registry.npmjs.org/base64url set size:undefined disposed:false
98 silly placeDep ROOT base64url@3.0.1 OK for: passport-oauth2@1.8.0 want: 3.x.x
99 silly placeDep ROOT oauth@0.10.2 OK for: passport-oauth2@1.8.0 want: 0.10.x
100 silly placeDep ROOT uid2@0.0.4 OK for: passport-oauth2@1.8.0 want: 0.0.x
101 silly placeDep ROOT random-bytes@1.0.0 OK for: uid-safe@2.1.5 want: ~1.0.0
102 silly placeDep node_modules/express-session ms@2.0.0 OK for: debug@2.6.9 want: 2.0.0
103 silly reify moves {}
104 silly audit bulk request {
104 silly audit   '@mongodb-js/saslprep': [ '1.3.1' ],
104 silly audit   '@types/webidl-conversions': [ '7.0.3' ],
104 silly audit   '@types/whatwg-url': [ '11.0.5' ],
104 silly audit   accepts: [ '2.0.0' ],
104 silly audit   'agent-base': [ '6.0.2' ],
104 silly audit   asynckit: [ '0.4.0' ],
104 silly audit   'aws-ssl-profiles': [ '1.1.2' ],
104 silly audit   axios: [ '1.12.2' ],
104 silly audit   bcryptjs: [ '3.0.2' ],
104 silly audit   'body-parser': [ '2.2.0' ],
104 silly audit   bson: [ '6.10.4' ],
104 silly audit   'buffer-equal-constant-time': [ '1.0.1' ],
104 silly audit   bytes: [ '3.1.2' ],
104 silly audit   'call-bind-apply-helpers': [ '1.0.2' ],
104 silly audit   'call-bound': [ '1.0.4' ],
104 silly audit   'combined-stream': [ '1.0.8' ],
104 silly audit   'content-disposition': [ '1.0.0' ],
104 silly audit   'content-type': [ '1.0.5' ],
104 silly audit   cookie: [ '0.7.2' ],
104 silly audit   'cookie-signature': [ '1.2.2', '1.0.7' ],
104 silly audit   cors: [ '2.8.5' ],
104 silly audit   dayjs: [ '1.11.18' ],
104 silly audit   debug: [ '4.4.3', '2.6.9' ],
104 silly audit   'delayed-stream': [ '1.0.0' ],
104 silly audit   denque: [ '2.1.0' ],
104 silly audit   depd: [ '2.0.0' ],
104 silly audit   dotenv: [ '16.6.1' ],
104 silly audit   'dunder-proto': [ '1.0.1' ],
104 silly audit   'ecdsa-sig-formatter': [ '1.0.11' ],
104 silly audit   'ee-first': [ '1.1.1' ],
104 silly audit   encodeurl: [ '2.0.0' ],
104 silly audit   'es-define-property': [ '1.0.1' ],
104 silly audit   'es-errors': [ '1.3.0' ],
104 silly audit   'es-object-atoms': [ '1.1.1' ],
104 silly audit   'es-set-tostringtag': [ '2.1.0' ],
104 silly audit   'escape-html': [ '1.0.3' ],
104 silly audit   etag: [ '1.8.1' ],
104 silly audit   express: [ '5.1.0' ],
104 silly audit   finalhandler: [ '2.1.0' ],
104 silly audit   'follow-redirects': [ '1.15.11' ],
104 silly audit   'form-data': [ '4.0.4' ],
104 silly audit   'mime-db': [ '1.52.0', '1.54.0' ],
104 silly audit   'mime-types': [ '2.1.35', '3.0.1' ],
104 silly audit   forwarded: [ '0.2.0' ],
104 silly audit   fresh: [ '2.0.0' ],
104 silly audit   'function-bind': [ '1.1.2' ],
104 silly audit   'generate-function': [ '2.3.1' ],
104 silly audit   'get-intrinsic': [ '1.3.0' ],
104 silly audit   'get-proto': [ '1.0.1' ],
104 silly audit   gopd: [ '1.2.0' ],
104 silly audit   'has-symbols': [ '1.1.0' ],
104 silly audit   'has-tostringtag': [ '1.0.2' ],
104 silly audit   hasown: [ '2.0.2' ],
104 silly audit   'http-errors': [ '2.0.0' ],
104 silly audit   statuses: [ '2.0.1', '2.0.2' ],
104 silly audit   'https-proxy-agent': [ '5.0.1' ],
104 silly audit   'iconv-lite': [ '0.6.3', '0.7.0' ],
104 silly audit   inherits: [ '2.0.4' ],
104 silly audit   'ipaddr.js': [ '1.9.1' ],
104 silly audit   'is-promise': [ '4.0.0' ],
104 silly audit   'is-property': [ '1.0.2' ],
104 silly audit   jsonwebtoken: [ '9.0.2' ],
104 silly audit   jwa: [ '1.4.2' ],
104 silly audit   jws: [ '3.2.2' ],
104 silly audit   kareem: [ '2.6.3' ],
104 silly audit   'lodash.includes': [ '4.3.0' ],
104 silly audit   'lodash.isboolean': [ '3.0.3' ],
104 silly audit   'lodash.isinteger': [ '4.0.4' ],
104 silly audit   'lodash.isnumber': [ '3.0.3' ],
104 silly audit   'lodash.isplainobject': [ '4.0.6' ],
104 silly audit   'lodash.isstring': [ '4.0.1' ],
104 silly audit   'lodash.once': [ '4.1.1' ],
104 silly audit   long: [ '5.3.2' ],
104 silly audit   'lru-cache': [ '7.18.3' ],
104 silly audit   'lru.min': [ '1.1.2' ],
104 silly audit   'math-intrinsics': [ '1.1.0' ],
104 silly audit   'media-typer': [ '1.1.0' ],
104 silly audit   'memory-pager': [ '1.5.0' ],
104 silly audit   'merge-descriptors': [ '2.0.0' ],
104 silly audit   mongodb: [ '6.20.0' ],
104 silly audit   'mongodb-connection-string-url': [ '3.0.2' ],
104 silly audit   mongoose: [ '8.19.1' ],
104 silly audit   mpath: [ '0.9.0' ],
104 silly audit   mquery: [ '5.0.0' ],
104 silly audit   ms: [ '2.1.3', '2.0.0' ],
104 silly audit   mysql2: [ '3.15.2' ],
104 silly audit   'named-placeholders': [ '1.1.3' ],
104 silly audit   negotiator: [ '1.0.0' ],
104 silly audit   nodemailer: [ '6.10.1' ],
104 silly audit   'object-assign': [ '4.1.1' ],
104 silly audit   'object-inspect': [ '1.13.4' ],
104 silly audit   'on-finished': [ '2.4.1' ],
104 silly audit   once: [ '1.4.0' ],
104 silly audit   parseurl: [ '1.3.3' ],
104 silly audit   'path-to-regexp': [ '8.3.0' ],
104 silly audit   'proxy-addr': [ '2.0.7' ],
104 silly audit   'proxy-from-env': [ '1.1.0' ],
104 silly audit   punycode: [ '2.3.1' ],
104 silly audit   qs: [ '6.14.0' ],
104 silly audit   'range-parser': [ '1.2.1' ],
104 silly audit   'raw-body': [ '3.0.1' ],
104 silly audit   router: [ '2.2.0' ],
104 silly audit   'safe-buffer': [ '5.2.1' ],
104 silly audit   'safer-buffer': [ '2.1.2' ],
104 silly audit   scmp: [ '2.1.0' ],
104 silly audit   semver: [ '7.7.3' ],
104 silly audit   send: [ '1.2.0' ],
104 silly audit   'seq-queue': [ '0.0.5' ],
104 silly audit   'serve-static': [ '2.2.0' ],
104 silly audit   setprototypeof: [ '1.2.0' ],
104 silly audit   'side-channel': [ '1.1.0' ],
104 silly audit   'side-channel-list': [ '1.0.0' ],
104 silly audit   'side-channel-map': [ '1.0.1' ],
104 silly audit   'side-channel-weakmap': [ '1.0.2' ],
104 silly audit   sift: [ '17.1.3' ],
104 silly audit   'sparse-bitfield': [ '3.0.3' ],
104 silly audit   sqlstring: [ '2.3.3' ],
104 silly audit   toidentifier: [ '1.0.1' ],
104 silly audit   tr46: [ '5.1.1' ],
104 silly audit   twilio: [ '5.10.3' ],
104 silly audit   'type-is': [ '2.0.1' ],
104 silly audit   unpipe: [ '1.0.0' ],
104 silly audit   vary: [ '1.1.2' ],
104 silly audit   'webidl-conversions': [ '7.0.0' ],
104 silly audit   'whatwg-url': [ '14.2.0' ],
104 silly audit   wrappy: [ '1.0.2' ],
104 silly audit   xmlbuilder: [ '13.0.2' ],
104 silly audit   'express-session': [ '1.18.2' ],
104 silly audit   passport: [ '0.7.0' ],
104 silly audit   'passport-google-oauth20': [ '2.0.0' ],
104 silly audit   'passport-microsoft': [ '1.1.0' ],
104 silly audit   'on-headers': [ '1.1.0' ],
104 silly audit   'uid-safe': [ '2.1.5' ],
104 silly audit   'passport-strategy': [ '1.0.0' ],
104 silly audit   pause: [ '0.0.1' ],
104 silly audit   'utils-merge': [ '1.0.1' ],
104 silly audit   'passport-oauth2': [ '1.8.0' ],
104 silly audit   base64url: [ '3.0.1' ],
104 silly audit   oauth: [ '0.10.2' ],
104 silly audit   uid2: [ '0.0.4' ],
104 silly audit   'random-bytes': [ '1.0.0' ]
104 silly audit }
105 http cache uid2@https://registry.npmjs.org/uid2/-/uid2-0.0.4.tgz 0ms (cache hit)
106 http cache oauth@https://registry.npmjs.org/oauth/-/oauth-0.10.2.tgz 0ms (cache hit)
107 http cache passport-oauth2@https://registry.npmjs.org/passport-oauth2/-/passport-oauth2-1.8.0.tgz 0ms (cache hit)
108 http cache utils-merge@https://registry.npmjs.org/utils-merge/-/utils-merge-1.0.1.tgz 0ms (cache hit)
109 http cache pause@https://registry.npmjs.org/pause/-/pause-0.0.1.tgz 0ms (cache hit)
110 http cache passport-strategy@https://registry.npmjs.org/passport-strategy/-/passport-strategy-1.0.0.tgz 0ms (cache hit)
111 http cache base64url@https://registry.npmjs.org/base64url/-/base64url-3.0.1.tgz 0ms (cache hit)
112 http cache uid-safe@https://registry.npmjs.org/uid-safe/-/uid-safe-2.1.5.tgz 0ms (cache hit)
113 http cache on-headers@https://registry.npmjs.org/on-headers/-/on-headers-1.1.0.tgz 0ms (cache hit)
114 http cache passport-microsoft@https://registry.npmjs.org/passport-microsoft/-/passport-microsoft-1.1.0.tgz 0ms (cache hit)
115 http cache passport-google-oauth20@https://registry.npmjs.org/passport-google-oauth20/-/passport-google-oauth20-2.0.0.tgz 0ms (cache hit)
116 http cache random-bytes@https://registry.npmjs.org/random-bytes/-/random-bytes-1.0.0.tgz 0ms (cache hit)
117 http cache express-session@https://registry.npmjs.org/express-session/-/express-session-1.18.2.tgz 0ms (cache hit)
118 http cache debug@https://registry.npmjs.org/debug/-/debug-2.6.9.tgz 0ms (cache hit)
119 http cache cookie-signature@https://registry.npmjs.org/cookie-signature/-/cookie-signature-1.0.7.tgz 0ms (cache hit)
120 http cache passport@https://registry.npmjs.org/passport/-/passport-0.7.0.tgz 0ms (cache hit)
121 http cache ms@https://registry.npmjs.org/ms/-/ms-2.0.0.tgz 0ms (cache hit)
122 silly tarball no local data for uid2@https://registry.npmjs.org/uid2/-/uid2-0.0.4.tgz. Extracting by manifest.
123 silly tarball no local data for oauth@https://registry.npmjs.org/oauth/-/oauth-0.10.2.tgz. Extracting by manifest.
124 silly tarball no local data for passport-oauth2@https://registry.npmjs.org/passport-oauth2/-/passport-oauth2-1.8.0.tgz. Extracting by manifest.
125 silly tarball no local data for utils-merge@https://registry.npmjs.org/utils-merge/-/utils-merge-1.0.1.tgz. Extracting by manifest.
126 silly tarball no local data for pause@https://registry.npmjs.org/pause/-/pause-0.0.1.tgz. Extracting by manifest.
127 silly tarball no local data for passport-strategy@https://registry.npmjs.org/passport-strategy/-/passport-strategy-1.0.0.tgz. Extracting by manifest.
128 silly tarball no local data for base64url@https://registry.npmjs.org/base64url/-/base64url-3.0.1.tgz. Extracting by manifest.
129 silly tarball no local data for uid-safe@https://registry.npmjs.org/uid-safe/-/uid-safe-2.1.5.tgz. Extracting by manifest.
130 silly tarball no local data for on-headers@https://registry.npmjs.org/on-headers/-/on-headers-1.1.0.tgz. Extracting by manifest.
131 silly tarball no local data for passport-microsoft@https://registry.npmjs.org/passport-microsoft/-/passport-microsoft-1.1.0.tgz. Extracting by manifest.
132 silly tarball no local data for passport-google-oauth20@https://registry.npmjs.org/passport-google-oauth20/-/passport-google-oauth20-2.0.0.tgz. Extracting by manifest.
133 silly tarball no local data for random-bytes@https://registry.npmjs.org/random-bytes/-/random-bytes-1.0.0.tgz. Extracting by manifest.
134 silly tarball no local data for express-session@https://registry.npmjs.org/express-session/-/express-session-1.18.2.tgz. Extracting by manifest.
135 silly tarball no local data for debug@https://registry.npmjs.org/debug/-/debug-2.6.9.tgz. Extracting by manifest.
136 silly tarball no local data for cookie-signature@https://registry.npmjs.org/cookie-signature/-/cookie-signature-1.0.7.tgz. Extracting by manifest.
137 silly tarball no local data for passport@https://registry.npmjs.org/passport/-/passport-0.7.0.tgz. Extracting by manifest.
138 silly tarball no local data for ms@https://registry.npmjs.org/ms/-/ms-2.0.0.tgz. Extracting by manifest.
139 http fetch GET 200 https://registry.npmjs.org/uid2/-/uid2-0.0.4.tgz 59ms (cache miss)
140 http fetch GET 200 https://registry.npmjs.org/utils-merge/-/utils-merge-1.0.1.tgz 66ms (cache miss)
141 http fetch GET 200 https://registry.npmjs.org/passport-strategy/-/passport-strategy-1.0.0.tgz 81ms (cache miss)
142 http fetch GET 200 https://registry.npmjs.org/cookie-signature/-/cookie-signature-1.0.7.tgz 119ms (cache miss)
143 http fetch GET 200 https://registry.npmjs.org/passport-oauth2/-/passport-oauth2-1.8.0.tgz 153ms (cache miss)
144 http fetch GET 200 https://registry.npmjs.org/pause/-/pause-0.0.1.tgz 166ms (cache miss)
145 http fetch GET 200 https://registry.npmjs.org/ms/-/ms-2.0.0.tgz 185ms (cache miss)
146 http fetch GET 200 https://registry.npmjs.org/oauth/-/oauth-0.10.2.tgz 191ms (cache miss)
147 http fetch GET 200 https://registry.npmjs.org/random-bytes/-/random-bytes-1.0.0.tgz 234ms (cache miss)
148 http fetch GET 200 https://registry.npmjs.org/base64url/-/base64url-3.0.1.tgz 255ms (cache miss)
149 http fetch GET 200 https://registry.npmjs.org/uid-safe/-/uid-safe-2.1.5.tgz 263ms (cache miss)
150 http fetch GET 200 https://registry.npmjs.org/passport-google-oauth20/-/passport-google-oauth20-2.0.0.tgz 296ms (cache miss)
151 http fetch GET 200 https://registry.npmjs.org/on-headers/-/on-headers-1.1.0.tgz 329ms (cache miss)
152 http fetch GET 200 https://registry.npmjs.org/debug/-/debug-2.6.9.tgz 340ms (cache miss)
153 http fetch GET 200 https://registry.npmjs.org/passport-microsoft/-/passport-microsoft-1.1.0.tgz 353ms (cache miss)
154 http fetch GET 200 https://registry.npmjs.org/express-session/-/express-session-1.18.2.tgz 386ms (cache miss)
155 http fetch POST 200 https://registry.npmjs.org/-/npm/v1/security/advisories/bulk 402ms
156 silly audit report {
156 silly audit report   nodemailer: [
156 silly audit report     {
156 silly audit report       id: 1108571,
156 silly audit report       url: 'https://github.com/advisories/GHSA-mm7p-fcc7-pg87',
156 silly audit report       title: 'Nodemailer: Email to an unintended domain can occur due to Interpretation Conflict',
156 silly audit report       severity: 'moderate',
156 silly audit report       vulnerable_versions: '<7.0.7',
156 silly audit report       cwe: [Array],
156 silly audit report       cvss: [Object]
156 silly audit report     }
156 silly audit report   ]
156 silly audit report }
157 silly packumentCache corgi:https://registry.npmjs.org/nodemailer cache-miss
158 http fetch GET 200 https://registry.npmjs.org/nodemailer 62ms (cache revalidated)
159 silly packumentCache corgi:https://registry.npmjs.org/nodemailer set size:299512 disposed:false
160 http fetch GET 200 https://registry.npmjs.org/passport/-/passport-0.7.0.tgz 1900ms (cache miss)
161 silly ADD node_modules/random-bytes
162 silly ADD node_modules/uid2
163 silly ADD node_modules/oauth
164 silly ADD node_modules/base64url
165 silly ADD node_modules/passport-oauth2
166 silly ADD node_modules/utils-merge
167 silly ADD node_modules/pause
168 silly ADD node_modules/passport-strategy
169 silly ADD node_modules/uid-safe
170 silly ADD node_modules/on-headers
171 silly ADD node_modules/passport-microsoft
172 silly ADD node_modules/passport-google-oauth20
173 silly ADD node_modules/passport
174 silly ADD node_modules/express-session
175 silly ADD node_modules/express-session/node_modules/ms
176 silly ADD node_modules/express-session/node_modules/debug
177 silly ADD node_modules/express-session/node_modules/cookie-signature
178 verbose cwd /Users/dheerajrangu/Documents/LMS-project/backend
179 verbose os Darwin 25.0.0
180 verbose node v22.14.0
181 verbose npm  v10.9.2
182 verbose exit 0
183 info ok
